This is XeTeX, Version 3.141592653-2.6-0.999995 (MiKTeX 23.5) (preloaded format=xelatex 2023.8.10)  12 AUG 2023 13:18
entering extended mode
 restricted \write18 enabled.
 %&-line parsing enabled.
**./main.tex
(main.tex
LaTeX2e <2023-06-01> patch level 1
L3 programming layer <2023-06-30>
(C:\Users\ASUS\AppData\Local\Programs\MiKTeX\tex/latex/base\article.cls
Document Class: article 2023/05/17 v1.4n Standard LaTeX document class
(C:\Users\ASUS\AppData\Local\Programs\MiKTeX\tex/latex/base\size10.clo
File: size10.clo 2023/05/17 v1.4n Standard LaTeX file (size option)
)
\c@part=\count181
\c@section=\count182
\c@subsection=\count183
\c@subsubsection=\count184
\c@paragraph=\count185
\c@subparagraph=\count186
\c@figure=\count187
\c@table=\count188
\abovecaptionskip=\skip48
\belowcaptionskip=\skip49
\bibindent=\dimen140
)
(C:\Users\ASUS\AppData\Local\Programs\MiKTeX\tex/latex/geometry\geometry.sty
Package: geometry 2020/01/02 v5.9 Page Geometry

(C:\Users\ASUS\AppData\Local\Programs\MiKTeX\tex/latex/graphics\keyval.sty
Package: keyval 2022/05/29 v1.15 key=value parser (DPC)
\KV@toks@=\toks17
)
(C:\Users\ASUS\AppData\Local\Programs\MiKTeX\tex/generic/iftex\ifvtex.sty
Package: ifvtex 2019/10/25 v1.7 ifvtex legacy package. Use iftex instead.

(C:\Users\ASUS\AppData\Local\Programs\MiKTeX\tex/generic/iftex\iftex.sty
Package: iftex 2022/02/03 v1.0f TeX engine tests
))
\Gm@cnth=\count189
\Gm@cntv=\count190
\c@Gm@tempcnt=\count191
\Gm@bindingoffset=\dimen141
\Gm@wd@mp=\dimen142
\Gm@odd@mp=\dimen143
\Gm@even@mp=\dimen144
\Gm@layoutwidth=\dimen145
\Gm@layoutheight=\dimen146
\Gm@layouthoffset=\dimen147
\Gm@layoutvoffset=\dimen148
\Gm@dimlist=\toks18

(C:\Users\ASUS\AppData\Local\Programs\MiKTeX\tex/latex/geometry\geometry.cfg))
(AFSA.sty
(C:\Users\ASUS\AppData\Local\Programs\MiKTeX\tex/latex/fontspec\fontspec.sty
(C:\Users\ASUS\AppData\Local\Programs\MiKTeX\tex/latex/l3packages/xparse\xparse
.sty (C:\Users\ASUS\AppData\Local\Programs\MiKTeX\tex/latex/l3kernel\expl3.sty
Package: expl3 2023-06-30 L3 programming layer (loader) 

(C:\Users\ASUS\AppData\Local\Programs\MiKTeX\tex/latex/l3backend\l3backend-xete
x.def
File: l3backend-xetex.def 2023-04-19 L3 backend support: XeTeX
\g__graphics_track_int=\count192
\l__pdf_internal_box=\box51
\g__pdf_backend_object_int=\count193
\g__pdf_backend_annotation_int=\count194
\g__pdf_backend_link_int=\count195
))
Package: xparse 2023-02-02 L3 Experimental document command parser
)
Package: fontspec 2022/01/15 v2.8a Font selection for XeLaTeX and LuaLaTeX

(C:\Users\ASUS\AppData\Local\Programs\MiKTeX\tex/latex/fontspec\fontspec-xetex.
sty
Package: fontspec-xetex 2022/01/15 v2.8a Font selection for XeLaTeX and LuaLaTe
X
\l__fontspec_script_int=\count196
\l__fontspec_language_int=\count197
\l__fontspec_strnum_int=\count198
\l__fontspec_tmp_int=\count199
\l__fontspec_tmpa_int=\count266
\l__fontspec_tmpb_int=\count267
\l__fontspec_tmpc_int=\count268
\l__fontspec_em_int=\count269
\l__fontspec_emdef_int=\count270
\l__fontspec_strong_int=\count271
\l__fontspec_strongdef_int=\count272
\l__fontspec_tmpa_dim=\dimen149
\l__fontspec_tmpb_dim=\dimen150
\l__fontspec_tmpc_dim=\dimen151
 (C:\Users\ASUS\AppData\Local\Programs\MiKTeX\tex/latex/base\fontenc.sty
Package: fontenc 2021/04/29 v2.0v Standard LaTeX package
)
(C:\Users\ASUS\AppData\Local\Programs\MiKTeX\tex/latex/fontspec\fontspec.cfg)))
(C:\Users\ASUS\AppData\Local\Programs\MiKTeX\tex/latex/advdate\advdate.sty
Package: advdate 1996/10/20 Advance Date Package
\r@k=\count273
\un@r=\count274
\m@l=\count275
\m@s=\count276
\M@s=\count277
)
(C:\Users\ASUS\AppData\Local\Programs\MiKTeX\tex/latex/comment\comment.sty
\CommentStream=\write3

Excluding comment 'comment')
(C:\Users\ASUS\AppData\Local\Programs\MiKTeX\tex/latex/fancyhdr\fancyhdr.sty
Package: fancyhdr 2022/11/09 v4.1 Extensive control of page headers and footers

\f@nch@headwidth=\skip50
\f@nch@O@elh=\skip51
\f@nch@O@erh=\skip52
\f@nch@O@olh=\skip53
\f@nch@O@orh=\skip54
\f@nch@O@elf=\skip55
\f@nch@O@erf=\skip56
\f@nch@O@olf=\skip57
\f@nch@O@orf=\skip58
)
(C:\Users\ASUS\AppData\Local\Programs\MiKTeX\tex/latex/mathtools\mathtools.sty
Package: mathtools 2022/06/29 v1.29 mathematical typesetting tools

(C:\Users\ASUS\AppData\Local\Programs\MiKTeX\tex/latex/tools\calc.sty
Package: calc 2017/05/25 v4.3 Infix arithmetic (KKT,FJ)
\calc@Acount=\count278
\calc@Bcount=\count279
\calc@Adimen=\dimen152
\calc@Bdimen=\dimen153
\calc@Askip=\skip59
\calc@Bskip=\skip60
LaTeX Info: Redefining \setlength on input line 80.
LaTeX Info: Redefining \addtolength on input line 81.
\calc@Ccount=\count280
\calc@Cskip=\skip61
)
(C:\Users\ASUS\AppData\Local\Programs\MiKTeX\tex/latex/mathtools\mhsetup.sty
Package: mhsetup 2021/03/18 v1.4 programming setup (MH)
)
(C:\Users\ASUS\AppData\Local\Programs\MiKTeX\tex/latex/amsmath\amsmath.sty
Package: amsmath 2023/05/13 v2.17o AMS math features
\@mathmargin=\skip62

For additional information on amsmath, use the `?' option.
(C:\Users\ASUS\AppData\Local\Programs\MiKTeX\tex/latex/amsmath\amstext.sty
Package: amstext 2021/08/26 v2.01 AMS text

(C:\Users\ASUS\AppData\Local\Programs\MiKTeX\tex/latex/amsmath\amsgen.sty
File: amsgen.sty 1999/11/30 v2.0 generic functions
\@emptytoks=\toks19
\ex@=\dimen154
))
(C:\Users\ASUS\AppData\Local\Programs\MiKTeX\tex/latex/amsmath\amsbsy.sty
Package: amsbsy 1999/11/29 v1.2d Bold Symbols
\pmbraise@=\dimen155
)
(C:\Users\ASUS\AppData\Local\Programs\MiKTeX\tex/latex/amsmath\amsopn.sty
Package: amsopn 2022/04/08 v2.04 operator names
)
\inf@bad=\count281
LaTeX Info: Redefining \frac on input line 234.
\uproot@=\count282
\leftroot@=\count283
LaTeX Info: Redefining \overline on input line 399.
LaTeX Info: Redefining \colon on input line 410.
\classnum@=\count284
\DOTSCASE@=\count285
LaTeX Info: Redefining \ldots on input line 496.
LaTeX Info: Redefining \dots on input line 499.
LaTeX Info: Redefining \cdots on input line 620.
\Mathstrutbox@=\box52
\strutbox@=\box53
LaTeX Info: Redefining \big on input line 722.
LaTeX Info: Redefining \Big on input line 723.
LaTeX Info: Redefining \bigg on input line 724.
LaTeX Info: Redefining \Bigg on input line 725.
\big@size=\dimen156
LaTeX Font Info:    Redeclaring font encoding OML on input line 743.
LaTeX Font Info:    Redeclaring font encoding OMS on input line 744.
\macc@depth=\count286
LaTeX Info: Redefining \bmod on input line 905.
LaTeX Info: Redefining \pmod on input line 910.
LaTeX Info: Redefining \smash on input line 940.
LaTeX Info: Redefining \relbar on input line 970.
LaTeX Info: Redefining \Relbar on input line 971.
\c@MaxMatrixCols=\count287
\dotsspace@=\muskip16
\c@parentequation=\count288
\dspbrk@lvl=\count289
\tag@help=\toks20
\row@=\count290
\column@=\count291
\maxfields@=\count292
\andhelp@=\toks21
\eqnshift@=\dimen157
\alignsep@=\dimen158
\tagshift@=\dimen159
\tagwidth@=\dimen160
\totwidth@=\dimen161
\lineht@=\dimen162
\@envbody=\toks22
\multlinegap=\skip63
\multlinetaggap=\skip64
\mathdisplay@stack=\toks23
LaTeX Info: Redefining \[ on input line 2953.
LaTeX Info: Redefining \] on input line 2954.
)
\g_MT_multlinerow_int=\count293
\l_MT_multwidth_dim=\dimen163
\origjot=\skip65
\l_MT_shortvdotswithinadjustabove_dim=\dimen164
\l_MT_shortvdotswithinadjustbelow_dim=\dimen165
\l_MT_above_intertext_sep=\dimen166
\l_MT_below_intertext_sep=\dimen167
\l_MT_above_shortintertext_sep=\dimen168
\l_MT_below_shortintertext_sep=\dimen169
\xmathstrut@box=\box54
\xmathstrut@dim=\dimen170
)
(C:\Users\ASUS\AppData\Local\Programs\MiKTeX\tex/latex/xcolor\xcolor.sty
Package: xcolor 2022/06/12 v2.14 LaTeX color extensions (UK)

(C:\Users\ASUS\AppData\Local\Programs\MiKTeX\tex/latex/graphics-cfg\color.cfg
File: color.cfg 2016/01/02 v1.6 sample color configuration
)
Package xcolor Info: Driver file: xetex.def on input line 227.

(C:\Users\ASUS\AppData\Local\Programs\MiKTeX\tex/latex/graphics-def\xetex.def
File: xetex.def 2022/09/22 v5.0n Graphics/color driver for xetex
)
(C:\Users\ASUS\AppData\Local\Programs\MiKTeX\tex/latex/colortbl\colortbl.sty
Package: colortbl 2022/06/20 v1.0f Color table columns (DPC)

(C:\Users\ASUS\AppData\Local\Programs\MiKTeX\tex/latex/tools\array.sty
Package: array 2022/09/04 v2.5g Tabular extension package (FMi)
\col@sep=\dimen171
\ar@mcellbox=\box55
\extrarowheight=\dimen172
\NC@list=\toks24
\extratabsurround=\skip66
\backup@length=\skip67
\ar@cellbox=\box56
)
\everycr=\toks25
\minrowclearance=\skip68
\rownum=\count294
)
(C:\Users\ASUS\AppData\Local\Programs\MiKTeX\tex/latex/graphics\mathcolor.ltx)
Package xcolor Info: Model `cmy' substituted by `cmy0' on input line 1353.
Package xcolor Info: Model `RGB' extended on input line 1369.
Package xcolor Info: Model `HTML' substituted by `rgb' on input line 1371.
Package xcolor Info: Model `Hsb' substituted by `hsb' on input line 1372.
Package xcolor Info: Model `tHsb' substituted by `hsb' on input line 1373.
Package xcolor Info: Model `HSB' substituted by `hsb' on input line 1374.
Package xcolor Info: Model `Gray' substituted by `gray' on input line 1375.
Package xcolor Info: Model `wave' substituted by `hsb' on input line 1376.

(C:\Users\ASUS\AppData\Local\Programs\MiKTeX\tex/latex/graphics\dvipsnam.def
File: dvipsnam.def 2016/06/17 v3.0m Driver-dependent file (DPC,SPQR)
))
(C:\Users\ASUS\AppData\Local\Programs\MiKTeX\tex/latex/titling\titling.sty
Package: titling 2009/09/04 v2.1d maketitle typesetting
\thanksmarkwidth=\skip69
\thanksmargin=\skip70
\droptitle=\skip71
)
(C:\Users\ASUS\AppData\Local\Programs\MiKTeX\tex/latex/amsfonts\amsfonts.sty
Package: amsfonts 2013/01/14 v3.01 Basic AMSFonts support
\symAMSa=\mathgroup4
\symAMSb=\mathgroup5
LaTeX Font Info:    Redeclaring math symbol \hbar on input line 98.
LaTeX Font Info:    Overwriting math alphabet `\mathfrak' in version `bold'
(Font)                  U/euf/m/n --> U/euf/b/n on input line 106.
)
(C:\Users\ASUS\AppData\Local\Programs\MiKTeX\tex/latex/tocloft\tocloft.sty
Package: tocloft 2017/08/31 v2.3i parameterised ToC, etc., typesetting
Package tocloft Info: The document has section divisions on input line 51.
\cftparskip=\skip72
\cftbeforetoctitleskip=\skip73
\cftaftertoctitleskip=\skip74
\cftbeforepartskip=\skip75
\cftpartnumwidth=\skip76
\cftpartindent=\skip77
\cftbeforesecskip=\skip78
\cftsecindent=\skip79
\cftsecnumwidth=\skip80
\cftbeforesubsecskip=\skip81
\cftsubsecindent=\skip82
\cftsubsecnumwidth=\skip83
\cftbeforesubsubsecskip=\skip84
\cftsubsubsecindent=\skip85
\cftsubsubsecnumwidth=\skip86
\cftbeforeparaskip=\skip87
\cftparaindent=\skip88
\cftparanumwidth=\skip89
\cftbeforesubparaskip=\skip90
\cftsubparaindent=\skip91
\cftsubparanumwidth=\skip92
\cftbeforeloftitleskip=\skip93
\cftafterloftitleskip=\skip94
\cftbeforefigskip=\skip95
\cftfigindent=\skip96
\cftfignumwidth=\skip97
\c@lofdepth=\count295
\c@lotdepth=\count296
\cftbeforelottitleskip=\skip98
\cftafterlottitleskip=\skip99
\cftbeforetabskip=\skip100
\cfttabindent=\skip101
\cfttabnumwidth=\skip102
)
(C:\Users\ASUS\AppData\Local\Programs\MiKTeX\tex/latex/preprint\fullpage.sty
Package: fullpage 1999/02/23 1.1 (PWD)
\FP@margin=\skip103
)
(C:\Users\ASUS\AppData\Local\Programs\MiKTeX\tex/latex/mdframed\mdframed.sty
Package: mdframed 2013/07/01 1.9b: mdframed

(C:\Users\ASUS\AppData\Local\Programs\MiKTeX\tex/latex/kvoptions\kvoptions.sty
Package: kvoptions 2022-06-15 v3.15 Key value format for package options (HO)

(C:\Users\ASUS\AppData\Local\Programs\MiKTeX\tex/generic/ltxcmds\ltxcmds.sty
Package: ltxcmds 2020-05-10 v1.25 LaTeX kernel commands for general use (HO)
)
(C:\Users\ASUS\AppData\Local\Programs\MiKTeX\tex/latex/kvsetkeys\kvsetkeys.sty
Package: kvsetkeys 2022-10-05 v1.19 Key value parser (HO)
)) (C:\Users\ASUS\AppData\Local\Programs\MiKTeX\tex/latex/etoolbox\etoolbox.sty
Package: etoolbox 2020/10/05 v2.5k e-TeX tools for LaTeX (JAW)
\etb@tempcnta=\count297
) (C:\Users\ASUS\AppData\Local\Programs\MiKTeX\tex/latex/zref\zref-abspage.sty
Package: zref-abspage 2022-04-07 v2.34 Module abspage for zref (HO)

(C:\Users\ASUS\AppData\Local\Programs\MiKTeX\tex/latex/zref\zref-base.sty
Package: zref-base 2022-04-07 v2.34 Module base for zref (HO)

(C:\Users\ASUS\AppData\Local\Programs\MiKTeX\tex/generic/infwarerr\infwarerr.st
y
Package: infwarerr 2019/12/03 v1.5 Providing info/warning/error messages (HO)
)
(C:\Users\ASUS\AppData\Local\Programs\MiKTeX\tex/generic/kvdefinekeys\kvdefinek
eys.sty
Package: kvdefinekeys 2019-12-19 v1.6 Define keys (HO)
)
(C:\Users\ASUS\AppData\Local\Programs\MiKTeX\tex/generic/pdftexcmds\pdftexcmds.
sty
Package: pdftexcmds 2020-06-27 v0.33 Utility functions of pdfTeX for LuaTeX (HO
)
Package pdftexcmds Info: \pdf@primitive is available.
Package pdftexcmds Info: \pdf@ifprimitive is available.
Package pdftexcmds Info: \pdfdraftmode not found.
)
(C:\Users\ASUS\AppData\Local\Programs\MiKTeX\tex/generic/etexcmds\etexcmds.sty
Package: etexcmds 2019/12/15 v1.7 Avoid name clashes with e-TeX commands (HO)
) (C:\Users\ASUS\AppData\Local\Programs\MiKTeX\tex/latex/auxhook\auxhook.sty
Package: auxhook 2019-12-17 v1.6 Hooks for auxiliary files (HO)
)
Package zref Info: New property list: main on input line 767.
Package zref Info: New property: default on input line 768.
Package zref Info: New property: page on input line 769.
)
(C:\Users\ASUS\AppData\Local\Programs\MiKTeX\tex/latex/base\atbegshi-ltx.sty
Package: atbegshi-ltx 2021/01/10 v1.0c Emulation of the original atbegshi
package with kernel methods
)
\c@abspage=\count298
Package zref Info: New property: abspage on input line 65.
)
(C:\Users\ASUS\AppData\Local\Programs\MiKTeX\tex/latex/needspace\needspace.sty
Package: needspace 2010/09/12 v1.3d reserve vertical space
)
\mdf@templength=\skip104
\c@mdf@globalstyle@cnt=\count299
\mdf@skipabove@length=\skip105
\mdf@skipbelow@length=\skip106
\mdf@leftmargin@length=\skip107
\mdf@rightmargin@length=\skip108
\mdf@innerleftmargin@length=\skip109
\mdf@innerrightmargin@length=\skip110
\mdf@innertopmargin@length=\skip111
\mdf@innerbottommargin@length=\skip112
\mdf@splittopskip@length=\skip113
\mdf@splitbottomskip@length=\skip114
\mdf@outermargin@length=\skip115
\mdf@innermargin@length=\skip116
\mdf@linewidth@length=\skip117
\mdf@innerlinewidth@length=\skip118
\mdf@middlelinewidth@length=\skip119
\mdf@outerlinewidth@length=\skip120
\mdf@roundcorner@length=\skip121
\mdf@footenotedistance@length=\skip122
\mdf@userdefinedwidth@length=\skip123
\mdf@needspace@length=\skip124
\mdf@frametitleaboveskip@length=\skip125
\mdf@frametitlebelowskip@length=\skip126
\mdf@frametitlerulewidth@length=\skip127
\mdf@frametitleleftmargin@length=\skip128
\mdf@frametitlerightmargin@length=\skip129
\mdf@shadowsize@length=\skip130
\mdf@extratopheight@length=\skip131
\mdf@subtitleabovelinewidth@length=\skip132
\mdf@subtitlebelowlinewidth@length=\skip133
\mdf@subtitleaboveskip@length=\skip134
\mdf@subtitlebelowskip@length=\skip135
\mdf@subtitleinneraboveskip@length=\skip136
\mdf@subtitleinnerbelowskip@length=\skip137
\mdf@subsubtitleabovelinewidth@length=\skip138
\mdf@subsubtitlebelowlinewidth@length=\skip139
\mdf@subsubtitleaboveskip@length=\skip140
\mdf@subsubtitlebelowskip@length=\skip141
\mdf@subsubtitleinneraboveskip@length=\skip142
\mdf@subsubtitleinnerbelowskip@length=\skip143

(C:\Users\ASUS\AppData\Local\Programs\MiKTeX\tex/latex/pgf/frontendlayer\tikz.s
ty
(C:\Users\ASUS\AppData\Local\Programs\MiKTeX\tex/latex/pgf/basiclayer\pgf.sty
(C:\Users\ASUS\AppData\Local\Programs\MiKTeX\tex/latex/pgf/utilities\pgfrcs.sty

(C:\Users\ASUS\AppData\Local\Programs\MiKTeX\tex/generic/pgf/utilities\pgfutil-
common.tex
\pgfutil@everybye=\toks26
\pgfutil@tempdima=\dimen173
\pgfutil@tempdimb=\dimen174
)
(C:\Users\ASUS\AppData\Local\Programs\MiKTeX\tex/generic/pgf/utilities\pgfutil-
latex.def
\pgfutil@abb=\box57
)
(C:\Users\ASUS\AppData\Local\Programs\MiKTeX\tex/generic/pgf/utilities\pgfrcs.c
ode.tex
(C:\Users\ASUS\AppData\Local\Programs\MiKTeX\tex/generic/pgf\pgf.revision.tex)
Package: pgfrcs 2023-01-15 v3.1.10 (3.1.10)
))
Package: pgf 2023-01-15 v3.1.10 (3.1.10)

(C:\Users\ASUS\AppData\Local\Programs\MiKTeX\tex/latex/pgf/basiclayer\pgfcore.s
ty (C:\Users\ASUS\AppData\Local\Programs\MiKTeX\tex/latex/graphics\graphicx.sty
Package: graphicx 2021/09/16 v1.2d Enhanced LaTeX Graphics (DPC,SPQR)
(C:\Users\ASUS\AppData\Local\Programs\MiKTeX\tex/latex/graphics\graphics.sty
Package: graphics 2022/03/10 v1.4e Standard LaTeX Graphics (DPC,SPQR)

(C:\Users\ASUS\AppData\Local\Programs\MiKTeX\tex/latex/graphics\trig.sty
Package: trig 2021/08/11 v1.11 sin cos tan (DPC)
)
(C:\Users\ASUS\AppData\Local\Programs\MiKTeX\tex/latex/graphics-cfg\graphics.cf
g
File: graphics.cfg 2016/06/04 v1.11 sample graphics configuration
)
Package graphics Info: Driver file: xetex.def on input line 107.
)
\Gin@req@height=\dimen175
\Gin@req@width=\dimen176
)
(C:\Users\ASUS\AppData\Local\Programs\MiKTeX\tex/latex/pgf/systemlayer\pgfsys.s
ty
(C:\Users\ASUS\AppData\Local\Programs\MiKTeX\tex/generic/pgf/systemlayer\pgfsys
.code.tex
Package: pgfsys 2023-01-15 v3.1.10 (3.1.10)

(C:\Users\ASUS\AppData\Local\Programs\MiKTeX\tex/generic/pgf/utilities\pgfkeys.
code.tex
\pgfkeys@pathtoks=\toks27
\pgfkeys@temptoks=\toks28

(C:\Users\ASUS\AppData\Local\Programs\MiKTeX\tex/generic/pgf/utilities\pgfkeysl
ibraryfiltered.code.tex
\pgfkeys@tmptoks=\toks29
))
\pgf@x=\dimen177
\pgf@y=\dimen178
\pgf@xa=\dimen179
\pgf@ya=\dimen180
\pgf@xb=\dimen181
\pgf@yb=\dimen182
\pgf@xc=\dimen183
\pgf@yc=\dimen184
\pgf@xd=\dimen185
\pgf@yd=\dimen186
\w@pgf@writea=\write4
\r@pgf@reada=\read2
\c@pgf@counta=\count300
\c@pgf@countb=\count301
\c@pgf@countc=\count302
\c@pgf@countd=\count303
\t@pgf@toka=\toks30
\t@pgf@tokb=\toks31
\t@pgf@tokc=\toks32
\pgf@sys@id@count=\count304

(C:\Users\ASUS\AppData\Local\Programs\MiKTeX\tex/generic/pgf/systemlayer\pgf.cf
g
File: pgf.cfg 2023-01-15 v3.1.10 (3.1.10)
)
Driver file for pgf: pgfsys-xetex.def

(C:\Users\ASUS\AppData\Local\Programs\MiKTeX\tex/generic/pgf/systemlayer\pgfsys
-xetex.def
File: pgfsys-xetex.def 2023-01-15 v3.1.10 (3.1.10)

(C:\Users\ASUS\AppData\Local\Programs\MiKTeX\tex/generic/pgf/systemlayer\pgfsys
-dvipdfmx.def
File: pgfsys-dvipdfmx.def 2023-01-15 v3.1.10 (3.1.10)

(C:\Users\ASUS\AppData\Local\Programs\MiKTeX\tex/generic/pgf/systemlayer\pgfsys
-common-pdf.def
File: pgfsys-common-pdf.def 2023-01-15 v3.1.10 (3.1.10)
)
\pgfsys@objnum=\count305
)))
(C:\Users\ASUS\AppData\Local\Programs\MiKTeX\tex/generic/pgf/systemlayer\pgfsys
softpath.code.tex
File: pgfsyssoftpath.code.tex 2023-01-15 v3.1.10 (3.1.10)
\pgfsyssoftpath@smallbuffer@items=\count306
\pgfsyssoftpath@bigbuffer@items=\count307
)
(C:\Users\ASUS\AppData\Local\Programs\MiKTeX\tex/generic/pgf/systemlayer\pgfsys
protocol.code.tex
File: pgfsysprotocol.code.tex 2023-01-15 v3.1.10 (3.1.10)
))
(C:\Users\ASUS\AppData\Local\Programs\MiKTeX\tex/generic/pgf/basiclayer\pgfcore
.code.tex
Package: pgfcore 2023-01-15 v3.1.10 (3.1.10)

(C:\Users\ASUS\AppData\Local\Programs\MiKTeX\tex/generic/pgf/math\pgfmath.code.
tex
(C:\Users\ASUS\AppData\Local\Programs\MiKTeX\tex/generic/pgf/math\pgfmathutil.c
ode.tex)
(C:\Users\ASUS\AppData\Local\Programs\MiKTeX\tex/generic/pgf/math\pgfmathparser
.code.tex
\pgfmath@dimen=\dimen187
\pgfmath@count=\count308
\pgfmath@box=\box58
\pgfmath@toks=\toks33
\pgfmath@stack@operand=\toks34
\pgfmath@stack@operation=\toks35
)
(C:\Users\ASUS\AppData\Local\Programs\MiKTeX\tex/generic/pgf/math\pgfmathfuncti
ons.code.tex)
(C:\Users\ASUS\AppData\Local\Programs\MiKTeX\tex/generic/pgf/math\pgfmathfuncti
ons.basic.code.tex)
(C:\Users\ASUS\AppData\Local\Programs\MiKTeX\tex/generic/pgf/math\pgfmathfuncti
ons.trigonometric.code.tex)
(C:\Users\ASUS\AppData\Local\Programs\MiKTeX\tex/generic/pgf/math\pgfmathfuncti
ons.random.code.tex)
(C:\Users\ASUS\AppData\Local\Programs\MiKTeX\tex/generic/pgf/math\pgfmathfuncti
ons.comparison.code.tex)
(C:\Users\ASUS\AppData\Local\Programs\MiKTeX\tex/generic/pgf/math\pgfmathfuncti
ons.base.code.tex)
(C:\Users\ASUS\AppData\Local\Programs\MiKTeX\tex/generic/pgf/math\pgfmathfuncti
ons.round.code.tex)
(C:\Users\ASUS\AppData\Local\Programs\MiKTeX\tex/generic/pgf/math\pgfmathfuncti
ons.misc.code.tex)
(C:\Users\ASUS\AppData\Local\Programs\MiKTeX\tex/generic/pgf/math\pgfmathfuncti
ons.integerarithmetics.code.tex)
(C:\Users\ASUS\AppData\Local\Programs\MiKTeX\tex/generic/pgf/math\pgfmathcalc.c
ode.tex)
(C:\Users\ASUS\AppData\Local\Programs\MiKTeX\tex/generic/pgf/math\pgfmathfloat.
code.tex
\c@pgfmathroundto@lastzeros=\count309
))
(C:\Users\ASUS\AppData\Local\Programs\MiKTeX\tex/generic/pgf/math\pgfint.code.t
ex)
(C:\Users\ASUS\AppData\Local\Programs\MiKTeX\tex/generic/pgf/basiclayer\pgfcore
points.code.tex
File: pgfcorepoints.code.tex 2023-01-15 v3.1.10 (3.1.10)
\pgf@picminx=\dimen188
\pgf@picmaxx=\dimen189
\pgf@picminy=\dimen190
\pgf@picmaxy=\dimen191
\pgf@pathminx=\dimen192
\pgf@pathmaxx=\dimen193
\pgf@pathminy=\dimen194
\pgf@pathmaxy=\dimen195
\pgf@xx=\dimen196
\pgf@xy=\dimen197
\pgf@yx=\dimen198
\pgf@yy=\dimen199
\pgf@zx=\dimen256
\pgf@zy=\dimen257
)
(C:\Users\ASUS\AppData\Local\Programs\MiKTeX\tex/generic/pgf/basiclayer\pgfcore
pathconstruct.code.tex
File: pgfcorepathconstruct.code.tex 2023-01-15 v3.1.10 (3.1.10)
\pgf@path@lastx=\dimen258
\pgf@path@lasty=\dimen259
)
(C:\Users\ASUS\AppData\Local\Programs\MiKTeX\tex/generic/pgf/basiclayer\pgfcore
pathusage.code.tex
File: pgfcorepathusage.code.tex 2023-01-15 v3.1.10 (3.1.10)
\pgf@shorten@end@additional=\dimen260
\pgf@shorten@start@additional=\dimen261
)
(C:\Users\ASUS\AppData\Local\Programs\MiKTeX\tex/generic/pgf/basiclayer\pgfcore
scopes.code.tex
File: pgfcorescopes.code.tex 2023-01-15 v3.1.10 (3.1.10)
\pgfpic=\box59
\pgf@hbox=\box60
\pgf@layerbox@main=\box61
\pgf@picture@serial@count=\count310
)
(C:\Users\ASUS\AppData\Local\Programs\MiKTeX\tex/generic/pgf/basiclayer\pgfcore
graphicstate.code.tex
File: pgfcoregraphicstate.code.tex 2023-01-15 v3.1.10 (3.1.10)
\pgflinewidth=\dimen262
)
(C:\Users\ASUS\AppData\Local\Programs\MiKTeX\tex/generic/pgf/basiclayer\pgfcore
transformations.code.tex
File: pgfcoretransformations.code.tex 2023-01-15 v3.1.10 (3.1.10)
\pgf@pt@x=\dimen263
\pgf@pt@y=\dimen264
\pgf@pt@temp=\dimen265
)
(C:\Users\ASUS\AppData\Local\Programs\MiKTeX\tex/generic/pgf/basiclayer\pgfcore
quick.code.tex
File: pgfcorequick.code.tex 2023-01-15 v3.1.10 (3.1.10)
)
(C:\Users\ASUS\AppData\Local\Programs\MiKTeX\tex/generic/pgf/basiclayer\pgfcore
objects.code.tex
File: pgfcoreobjects.code.tex 2023-01-15 v3.1.10 (3.1.10)
)
(C:\Users\ASUS\AppData\Local\Programs\MiKTeX\tex/generic/pgf/basiclayer\pgfcore
pathprocessing.code.tex
File: pgfcorepathprocessing.code.tex 2023-01-15 v3.1.10 (3.1.10)
)
(C:\Users\ASUS\AppData\Local\Programs\MiKTeX\tex/generic/pgf/basiclayer\pgfcore
arrows.code.tex
File: pgfcorearrows.code.tex 2023-01-15 v3.1.10 (3.1.10)
\pgfarrowsep=\dimen266
)
(C:\Users\ASUS\AppData\Local\Programs\MiKTeX\tex/generic/pgf/basiclayer\pgfcore
shade.code.tex
File: pgfcoreshade.code.tex 2023-01-15 v3.1.10 (3.1.10)
\pgf@max=\dimen267
\pgf@sys@shading@range@num=\count311
\pgf@shadingcount=\count312
)
(C:\Users\ASUS\AppData\Local\Programs\MiKTeX\tex/generic/pgf/basiclayer\pgfcore
image.code.tex
File: pgfcoreimage.code.tex 2023-01-15 v3.1.10 (3.1.10)
)
(C:\Users\ASUS\AppData\Local\Programs\MiKTeX\tex/generic/pgf/basiclayer\pgfcore
external.code.tex
File: pgfcoreexternal.code.tex 2023-01-15 v3.1.10 (3.1.10)
\pgfexternal@startupbox=\box62
)
(C:\Users\ASUS\AppData\Local\Programs\MiKTeX\tex/generic/pgf/basiclayer\pgfcore
layers.code.tex
File: pgfcorelayers.code.tex 2023-01-15 v3.1.10 (3.1.10)
)
(C:\Users\ASUS\AppData\Local\Programs\MiKTeX\tex/generic/pgf/basiclayer\pgfcore
transparency.code.tex
File: pgfcoretransparency.code.tex 2023-01-15 v3.1.10 (3.1.10)
)
(C:\Users\ASUS\AppData\Local\Programs\MiKTeX\tex/generic/pgf/basiclayer\pgfcore
patterns.code.tex
File: pgfcorepatterns.code.tex 2023-01-15 v3.1.10 (3.1.10)
)
(C:\Users\ASUS\AppData\Local\Programs\MiKTeX\tex/generic/pgf/basiclayer\pgfcore
rdf.code.tex
File: pgfcorerdf.code.tex 2023-01-15 v3.1.10 (3.1.10)
)))
(C:\Users\ASUS\AppData\Local\Programs\MiKTeX\tex/generic/pgf/modules\pgfmodules
hapes.code.tex
File: pgfmoduleshapes.code.tex 2023-01-15 v3.1.10 (3.1.10)
\pgfnodeparttextbox=\box63
)
(C:\Users\ASUS\AppData\Local\Programs\MiKTeX\tex/generic/pgf/modules\pgfmodulep
lot.code.tex
File: pgfmoduleplot.code.tex 2023-01-15 v3.1.10 (3.1.10)
)
(C:\Users\ASUS\AppData\Local\Programs\MiKTeX\tex/latex/pgf/compatibility\pgfcom
p-version-0-65.sty
Package: pgfcomp-version-0-65 2023-01-15 v3.1.10 (3.1.10)
\pgf@nodesepstart=\dimen268
\pgf@nodesepend=\dimen269
)
(C:\Users\ASUS\AppData\Local\Programs\MiKTeX\tex/latex/pgf/compatibility\pgfcom
p-version-1-18.sty
Package: pgfcomp-version-1-18 2023-01-15 v3.1.10 (3.1.10)
))
(C:\Users\ASUS\AppData\Local\Programs\MiKTeX\tex/latex/pgf/utilities\pgffor.sty

(C:\Users\ASUS\AppData\Local\Programs\MiKTeX\tex/latex/pgf/utilities\pgfkeys.st
y
(C:\Users\ASUS\AppData\Local\Programs\MiKTeX\tex/generic/pgf/utilities\pgfkeys.
code.tex))
(C:\Users\ASUS\AppData\Local\Programs\MiKTeX\tex/latex/pgf/math\pgfmath.sty
(C:\Users\ASUS\AppData\Local\Programs\MiKTeX\tex/generic/pgf/math\pgfmath.code.
tex))
(C:\Users\ASUS\AppData\Local\Programs\MiKTeX\tex/generic/pgf/utilities\pgffor.c
ode.tex
Package: pgffor 2023-01-15 v3.1.10 (3.1.10)
\pgffor@iter=\dimen270
\pgffor@skip=\dimen271
\pgffor@stack=\toks36
\pgffor@toks=\toks37
))
(C:\Users\ASUS\AppData\Local\Programs\MiKTeX\tex/generic/pgf/frontendlayer/tikz
\tikz.code.tex
Package: tikz 2023-01-15 v3.1.10 (3.1.10)

(C:\Users\ASUS\AppData\Local\Programs\MiKTeX\tex/generic/pgf/libraries\pgflibra
ryplothandlers.code.tex
File: pgflibraryplothandlers.code.tex 2023-01-15 v3.1.10 (3.1.10)
\pgf@plot@mark@count=\count313
\pgfplotmarksize=\dimen272
)
\tikz@lastx=\dimen273
\tikz@lasty=\dimen274
\tikz@lastxsaved=\dimen275
\tikz@lastysaved=\dimen276
\tikz@lastmovetox=\dimen277
\tikz@lastmovetoy=\dimen278
\tikzleveldistance=\dimen279
\tikzsiblingdistance=\dimen280
\tikz@figbox=\box64
\tikz@figbox@bg=\box65
\tikz@tempbox=\box66
\tikz@tempbox@bg=\box67
\tikztreelevel=\count314
\tikznumberofchildren=\count315
\tikznumberofcurrentchild=\count316
\tikz@fig@count=\count317

(C:\Users\ASUS\AppData\Local\Programs\MiKTeX\tex/generic/pgf/modules\pgfmodulem
atrix.code.tex
File: pgfmodulematrix.code.tex 2023-01-15 v3.1.10 (3.1.10)
\pgfmatrixcurrentrow=\count318
\pgfmatrixcurrentcolumn=\count319
\pgf@matrix@numberofcolumns=\count320
)
\tikz@expandcount=\count321

(C:\Users\ASUS\AppData\Local\Programs\MiKTeX\tex/generic/pgf/frontendlayer/tikz
/libraries\tikzlibrarytopaths.code.tex
File: tikzlibrarytopaths.code.tex 2023-01-15 v3.1.10 (3.1.10)
)))
(C:\Users\ASUS\AppData\Local\Programs\MiKTeX\tex/latex/mdframed\md-frame-1.mdf
File: md-frame-1.mdf 2013/07/01\ 1.9b: md-frame-1
)
\mdf@frametitlebox=\box68
\mdf@footnotebox=\box69
\mdf@splitbox@one=\box70
\mdf@splitbox@two=\box71
\mdf@splitbox@save=\box72
\mdfsplitboxwidth=\skip144
\mdfsplitboxtotalwidth=\skip145
\mdfsplitboxheight=\skip146
\mdfsplitboxdepth=\skip147
\mdfsplitboxtotalheight=\skip148
\mdfframetitleboxwidth=\skip149
\mdfframetitleboxtotalwidth=\skip150
\mdfframetitleboxheight=\skip151
\mdfframetitleboxdepth=\skip152
\mdfframetitleboxtotalheight=\skip153
\mdffootnoteboxwidth=\skip154
\mdffootnoteboxtotalwidth=\skip155
\mdffootnoteboxheight=\skip156
\mdffootnoteboxdepth=\skip157
\mdffootnoteboxtotalheight=\skip158
\mdftotallinewidth=\skip159
\mdfboundingboxwidth=\skip160
\mdfboundingboxtotalwidth=\skip161
\mdfboundingboxheight=\skip162
\mdfboundingboxdepth=\skip163
\mdfboundingboxtotalheight=\skip164
\mdf@freevspace@length=\skip165
\mdf@horizontalwidthofbox@length=\skip166
\mdf@verticalmarginwhole@length=\skip167
\mdf@horizontalspaceofbox=\skip168
\mdfsubtitleheight=\skip169
\mdfsubsubtitleheight=\skip170
\c@mdfcountframes=\count322

****** mdframed patching \endmdf@trivlist

****** -- success******

\mdf@envdepth=\count323
\c@mdf@env@i=\count324
\c@mdf@env@ii=\count325
\c@mdf@zref@counter=\count326
Package zref Info: New property: mdf@pagevalue on input line 895.
)
(C:\Users\ASUS\AppData\Local\Programs\MiKTeX\tex/latex/tkz-graph\tkz-graph.sty
2021/01/20 v 2.00 tkz-graph.sty
Package: tkz-graph 2021/01/20 2.00 base for graphs
(C:\Users\ASUS\AppData\Local\Programs\MiKTeX\tex/latex/base\ifthen.sty
Package: ifthen 2022/04/13 v1.1d Standard LaTeX ifthen package (DPC)
)
(C:\Users\ASUS\AppData\Local\Programs\MiKTeX\tex/latex/xkeyval\xkeyval.sty
Package: xkeyval 2022/06/16 v2.9 package option processing (HA)

(C:\Users\ASUS\AppData\Local\Programs\MiKTeX\tex/generic/xkeyval\xkeyval.tex
(C:\Users\ASUS\AppData\Local\Programs\MiKTeX\tex/generic/xkeyval\xkvutils.tex
\XKV@toks=\toks38
\XKV@tempa@toks=\toks39
)
\XKV@depth=\count327
File: xkeyval.tex 2014/12/03 v2.7a key=value parser (HA)
))
(C:\Users\ASUS\AppData\Local\Programs\MiKTeX\tex/generic/pgf/frontendlayer/tikz
/libraries\tikzlibraryarrows.code.tex
File: tikzlibraryarrows.code.tex 2023-01-15 v3.1.10 (3.1.10)

(C:\Users\ASUS\AppData\Local\Programs\MiKTeX\tex/generic/pgf/libraries\pgflibra
ryarrows.code.tex
File: pgflibraryarrows.code.tex 2023-01-15 v3.1.10 (3.1.10)
\arrowsize=\dimen281
))
\c@tkz@gr@a=\count328
\c@tkz@gr@b=\count329
\c@tkz@gr@c=\count330
\c@tkz@gr@e=\count331
\c@tkz@gr@d=\count332
\c@tkz@gr@p=\count333
\c@tkz@gr@i=\count334
\c@tkz@gr@n=\count335
\c@tkz@gr@ta=\count336
\c@tkz@gr@tb=\count337
)
(C:\Users\ASUS\AppData\Local\Programs\MiKTeX\tex/latex/preprint\balance.sty
Package: balance 1999/02/23 4.3 (PWD)
\oldvsize=\dimen282
)
(C:\Users\ASUS\AppData\Local\Programs\MiKTeX\tex/latex/jknappen\mathrsfs.sty
Package: mathrsfs 1996/01/01 Math RSFS package v1.0 (jk)
\symrsfs=\mathgroup6
)
(C:\Users\ASUS\AppData\Local\Programs\MiKTeX\tex/latex/float\float.sty
Package: float 2001/11/08 v1.3d Float enhancements (AL)
\c@float@type=\count338
\float@exts=\toks40
\float@box=\box73
\@float@everytoks=\toks41
\@floatcapt=\box74
)
(C:\Users\ASUS\AppData\Local\Programs\MiKTeX\tex/latex/hyperref\hyperref.sty
Package: hyperref 2023-07-08 v7.01b Hypertext links for LaTeX

(C:\Users\ASUS\AppData\Local\Programs\MiKTeX\tex/generic/pdfescape\pdfescape.st
y
Package: pdfescape 2019/12/09 v1.15 Implements pdfTeX's escape features (HO)
) (C:\Users\ASUS\AppData\Local\Programs\MiKTeX\tex/latex/hycolor\hycolor.sty
Package: hycolor 2020-01-27 v1.10 Color options for hyperref/bookmark (HO)
)
(C:\Users\ASUS\AppData\Local\Programs\MiKTeX\tex/latex/letltxmacro\letltxmacro.
sty
Package: letltxmacro 2019/12/03 v1.6 Let assignment for LaTeX macros (HO)
)
(C:\Users\ASUS\AppData\Local\Programs\MiKTeX\tex/latex/hyperref\nameref.sty
Package: nameref 2023-08-07 v2.53 Cross-referencing by name of section

(C:\Users\ASUS\AppData\Local\Programs\MiKTeX\tex/latex/refcount\refcount.sty
Package: refcount 2019/12/15 v3.6 Data extraction from label references (HO)
)
(C:\Users\ASUS\AppData\Local\Programs\MiKTeX\tex/generic/gettitlestring\gettitl
estring.sty
Package: gettitlestring 2019/12/15 v1.6 Cleanup title references (HO)
)
\c@section@level=\count339
)
\@linkdim=\dimen283
\Hy@linkcounter=\count340
\Hy@pagecounter=\count341

(C:\Users\ASUS\AppData\Local\Programs\MiKTeX\tex/latex/hyperref\pd1enc.def
File: pd1enc.def 2023-07-08 v7.01b Hyperref: PDFDocEncoding definition (HO)
)
(C:\Users\ASUS\AppData\Local\Programs\MiKTeX\tex/generic/intcalc\intcalc.sty
Package: intcalc 2019/12/15 v1.3 Expandable calculations with integers (HO)
)
\Hy@SavedSpaceFactor=\count342

(C:\Users\ASUS\AppData\Local\Programs\MiKTeX\tex/latex/hyperref\puenc.def
File: puenc.def 2023-07-08 v7.01b Hyperref: PDF Unicode definition (HO)
)
Package hyperref Info: Hyper figures OFF on input line 4167.
Package hyperref Info: Link nesting OFF on input line 4172.
Package hyperref Info: Hyper index ON on input line 4175.
Package hyperref Info: Plain pages OFF on input line 4182.
Package hyperref Info: Backreferencing OFF on input line 4187.
Package hyperref Info: Implicit mode ON; LaTeX internals redefined.
Package hyperref Info: Bookmarks ON on input line 4434.
\c@Hy@tempcnt=\count343

(C:\Users\ASUS\AppData\Local\Programs\MiKTeX\tex/latex/url\url.sty
\Urlmuskip=\muskip17
Package: url 2013/09/16  ver 3.4  Verb mode for urls, etc.
)
LaTeX Info: Redefining \url on input line 4772.
\XeTeXLinkMargin=\dimen284

(C:\Users\ASUS\AppData\Local\Programs\MiKTeX\tex/generic/bitset\bitset.sty
Package: bitset 2019/12/09 v1.3 Handle bit-vector datatype (HO)

(C:\Users\ASUS\AppData\Local\Programs\MiKTeX\tex/generic/bigintcalc\bigintcalc.
sty
Package: bigintcalc 2019/12/15 v1.5 Expandable calculations on big integers (HO
)
))
\Fld@menulength=\count344
\Field@Width=\dimen285
\Fld@charsize=\dimen286
Package hyperref Info: Hyper figures OFF on input line 6051.
Package hyperref Info: Link nesting OFF on input line 6056.
Package hyperref Info: Hyper index ON on input line 6059.
Package hyperref Info: backreferencing OFF on input line 6066.
Package hyperref Info: Link coloring OFF on input line 6071.
Package hyperref Info: Link coloring with OCG OFF on input line 6076.
Package hyperref Info: PDF/A mode OFF on input line 6081.
\Hy@abspage=\count345
\c@Item=\count346
\c@Hfootnote=\count347
)
Package hyperref Info: Driver (autodetected): hxetex.

(C:\Users\ASUS\AppData\Local\Programs\MiKTeX\tex/latex/hyperref\hxetex.def
File: hxetex.def 2023-07-08 v7.01b Hyperref driver for XeTeX

(C:\Users\ASUS\AppData\Local\Programs\MiKTeX\tex/generic/stringenc\stringenc.st
y
Package: stringenc 2019/11/29 v1.12 Convert strings between diff. encodings (HO
)
)
\pdfm@box=\box75
\c@Hy@AnnotLevel=\count348
\HyField@AnnotCount=\count349
\Fld@listcount=\count350
\c@bookmark@seq@number=\count351

(C:\Users\ASUS\AppData\Local\Programs\MiKTeX\tex/latex/rerunfilecheck\rerunfile
check.sty
Package: rerunfilecheck 2022-07-10 v1.10 Rerun checks for auxiliary files (HO)

(C:\Users\ASUS\AppData\Local\Programs\MiKTeX\tex/latex/base\atveryend-ltx.sty
Package: atveryend-ltx 2020/08/19 v1.0a Emulation of the original atveryend pac
kage
with kernel methods
)
(C:\Users\ASUS\AppData\Local\Programs\MiKTeX\tex/generic/uniquecounter\uniqueco
unter.sty
Package: uniquecounter 2019/12/15 v1.4 Provide unlimited unique counter (HO)
)
Package uniquecounter Info: New unique counter `rerunfilecheck' on input line 2
85.
)
\Hy@SectionHShift=\skip171
)
(C:\Users\ASUS\AppData\Local\Programs\MiKTeX\tex/latex/standalone\standalone.st
y
Package: standalone 2022/10/10 v1.3b Package to include TeX sub-files with prea
mbles
 (C:\Users\ASUS\AppData\Local\Programs\MiKTeX\tex/latex/tools\shellesc.sty
Package: shellesc 2023/04/15 v1.0d unified shell escape interface for LaTeX
Package shellesc Info: Restricted shell escape enabled on input line 77.
)
(C:\Users\ASUS\AppData\Local\Programs\MiKTeX\tex/latex/currfile\currfile.sty
Package: currfile 2020/09/29 v0.7d Provides the file path elements of the curre
nt input file

(C:\Users\ASUS\AppData\Local\Programs\MiKTeX\tex/latex/filehook\filehook.sty
Package: filehook 2022/10/25 v0.8b Hooks for input files

(C:\Users\ASUS\AppData\Local\Programs\MiKTeX\tex/latex/filehook\filehook-2020.s
ty
Package: filehook-2020 2022/10/25 v0.8b Hooks for input files
))
\c@currfiledepth=\count352
)
(C:\Users\ASUS\AppData\Local\Programs\MiKTeX\tex/latex/gincltex\gincltex.sty
(C:\Users\ASUS\AppData\Local\Programs\MiKTeX\tex/latex/svn-prov\svn-prov.sty
Package: svn-prov 2010/04/24 v3.1862 Package Date/Version from SVN Keywords
)
Package: gincltex 2011/09/04 v0.3 Include external LaTeX files like graphics

(C:\Users\ASUS\AppData\Local\Programs\MiKTeX\tex/latex/adjustbox\adjustbox.sty
Package: adjustbox 2022/10/17 v1.3a Adjusting TeX boxes (trim, clip, ...)

(C:\Users\ASUS\AppData\Local\Programs\MiKTeX\tex/latex/adjustbox\adjcalc.sty
Package: adjcalc 2012/05/16 v1.1 Provides advanced setlength with multiple back
-ends (calc, etex, pgfmath)
)
(C:\Users\ASUS\AppData\Local\Programs\MiKTeX\tex/latex/adjustbox\trimclip.sty
Package: trimclip 2020/08/19 v1.2 Trim and clip general TeX material

(C:\Users\ASUS\AppData\Local\Programs\MiKTeX\tex/latex/collectbox\collectbox.st
y
Package: collectbox 2022/10/17 v0.4c Collect macro arguments as boxes
\collectedbox=\box76
)
\tc@llx=\dimen287
\tc@lly=\dimen288
\tc@urx=\dimen289
\tc@ury=\dimen290
Package trimclip Info: Using driver 'tc-xetex.def'.

(C:\Users\ASUS\AppData\Local\Programs\MiKTeX\tex/latex/adjustbox\tc-xetex.def
File: tc-xetex.def 2019/01/04 v2.2 Clipping driver for xetex
))
\adjbox@Width=\dimen291
\adjbox@Height=\dimen292
\adjbox@Depth=\dimen293
\adjbox@Totalheight=\dimen294
\adjbox@pwidth=\dimen295
\adjbox@pheight=\dimen296
\adjbox@pdepth=\dimen297
\adjbox@ptotalheight=\dimen298
(C:\Users\ASUS\AppData\Local\Programs\MiKTeX\tex/latex/ifoddpage\ifoddpage.sty
Package: ifoddpage 2022/10/18 v1.2 Conditionals for odd/even page detection
\c@checkoddpage=\count353
) (C:\Users\ASUS\AppData\Local\Programs\MiKTeX\tex/latex/varwidth\varwidth.sty
Package: varwidth 2009/03/30 ver 0.92;  Variable-width minipages
\@vwid@box=\box77
\sift@deathcycles=\count354
\@vwid@loff=\dimen299
\@vwid@roff=\dimen300
))
\gincltex@box=\box78
)) (C:\Users\ASUS\AppData\Local\Programs\MiKTeX\tex/latex/enumitem\enumitem.sty
Package: enumitem 2019/06/20 v3.9 Customized lists
\labelindent=\skip172
\enit@outerparindent=\dimen301
\enit@toks=\toks42
\enit@inbox=\box79
\enit@count@id=\count355
\enitdp@description=\count356
) (C:\Users\ASUS\AppData\Local\Programs\MiKTeX\tex/latex/lipsum\lipsum.sty
(C:\Users\ASUS\AppData\Local\Programs\MiKTeX\tex/latex/l3packages/l3keys2e\l3ke
ys2e.sty
Package: l3keys2e 2023-02-02 LaTeX2e option processing using LaTeX3 keys
)
Package: lipsum 2021-09-20 v2.7 150 paragraphs of Lorem Ipsum dummy text
\g__lipsum_par_int=\count357
\l__lipsum_a_int=\count358
\l__lipsum_b_int=\count359

(C:\Users\ASUS\AppData\Local\Programs\MiKTeX\tex/latex/lipsum\lipsum.ltd.tex))
(C:\Users\ASUS\AppData\Local\Programs\MiKTeX\tex/latex/amscls\amsthm.sty
Package: amsthm 2020/05/29 v2.20.6
\thm@style=\toks43
\thm@bodyfont=\toks44
\thm@headfont=\toks45
\thm@notefont=\toks46
\thm@headpunct=\toks47
\thm@preskip=\skip173
\thm@postskip=\skip174
\thm@headsep=\skip175
\dth@everypar=\toks48
)
(C:\Users\ASUS\AppData\Local\Programs\MiKTeX\tex/latex/amsfonts\amssymb.sty
Package: amssymb 2013/01/14 v3.01 AMS font symbols
)
(C:\Users\ASUS\AppData\Local\Programs\MiKTeX\tex/latex/thmtools\thmtools.sty
Package: thmtools 2023/05/04 v0.76
\thmt@toks=\toks49
\c@thmt@dummyctr=\count360

(C:\Users\ASUS\AppData\Local\Programs\MiKTeX\tex/latex/thmtools\thm-patch.sty
Package: thm-patch 2023/05/04 v0.76

(C:\Users\ASUS\AppData\Local\Programs\MiKTeX\tex/latex/thmtools\parseargs.sty
Package: parseargs 2023/05/04 v0.76
\@parsespec=\toks50
)) (C:\Users\ASUS\AppData\Local\Programs\MiKTeX\tex/latex/thmtools\thm-kv.sty
Package: thm-kv 2023/05/04 v0.76
Package thm-kv Info: Theorem names will be uppercased on input line 42.
Package thm-kv Info: kvsetkeys patch (v1.16 or later) on input line 158.
)
(C:\Users\ASUS\AppData\Local\Programs\MiKTeX\tex/latex/thmtools\thm-autoref.sty
Package: thm-autoref 2023/05/04 v0.76
(C:\Users\ASUS\AppData\Local\Programs\MiKTeX\tex/latex/thmtools\aliasctr.sty
Package: aliasctr 2023/05/04 v0.76
))
(C:\Users\ASUS\AppData\Local\Programs\MiKTeX\tex/latex/thmtools\thm-listof.sty
Package: thm-listof 2023/05/04 v0.76
)
(C:\Users\ASUS\AppData\Local\Programs\MiKTeX\tex/latex/thmtools\thm-restate.sty
Package: thm-restate 2023/05/04 v0.76
)
(C:\Users\ASUS\AppData\Local\Programs\MiKTeX\tex/latex/thmtools\thm-amsthm.sty
Package: thm-amsthm 2023/05/04 v0.76
\thmt@style@headstyle=\toks51
)) (C:\Users\ASUS\AppData\Local\Programs\MiKTeX\tex/latex/eso-pic\eso-pic.sty
Package: eso-pic 2023/05/03 v3.0c eso-pic (RN)
\ESO@tempdima=\dimen302
\ESO@tempdimb=\dimen303
)
(C:\Users\ASUS\AppData\Local\Programs\MiKTeX\tex/latex/titlesec\titlesec.sty
Package: titlesec 2021/07/05 v2.14 Sectioning titles
\ttl@box=\box80
\beforetitleunit=\skip176
\aftertitleunit=\skip177
\ttl@plus=\dimen304
\ttl@minus=\dimen305
\ttl@toksa=\toks52
\titlewidth=\dimen306
\titlewidthlast=\dimen307
\titlewidthfirst=\dimen308
)
(C:\Users\ASUS\AppData\Local\Programs\MiKTeX\tex/latex/caption\subcaption.sty
Package: subcaption 2023/02/19 v1.6 Sub-captions (AR)

(C:\Users\ASUS\AppData\Local\Programs\MiKTeX\tex/latex/caption\caption.sty
Package: caption 2023/03/12 v3.6j Customizing captions (AR)

(C:\Users\ASUS\AppData\Local\Programs\MiKTeX\tex/latex/caption\caption3.sty
Package: caption3 2023/03/12 v2.4 caption3 kernel (AR)
\caption@tempdima=\dimen309
\captionmargin=\dimen310
\caption@leftmargin=\dimen311
\caption@rightmargin=\dimen312
\caption@width=\dimen313
\caption@indent=\dimen314
\caption@parindent=\dimen315
\caption@hangindent=\dimen316
Package caption Info: Standard document class detected.
)
\c@caption@flags=\count361
\c@continuedfloat=\count362
Package caption Info: float package is loaded.
Package caption Info: hyperref package is loaded.
)
Package caption Info: New subtype `subfigure' on input line 239.
\c@subfigure=\count363
Package caption Info: New subtype `subtable' on input line 239.
\c@subtable=\count364
)
(C:\Users\ASUS\AppData\Local\Programs\MiKTeX\tex/latex/tabularray\tabularray.st
y
Package: tabularray 2023-03-01 v2023A Typeset tabulars and arrays with LaTeX3
\l__tblr_a_int=\count365
\l__tblr_c_int=\count366
\l__tblr_r_int=\count367
\l__tblr_d_dim=\dimen317
\l__tblr_h_dim=\dimen318
\l__tblr_o_dim=\dimen319
\l__tblr_p_dim=\dimen320
\l__tblr_q_dim=\dimen321
\l__tblr_r_dim=\dimen322
\l__tblr_s_dim=\dimen323
\l__tblr_t_dim=\dimen324
\l__tblr_v_dim=\dimen325
\l__tblr_w_dim=\dimen326
\l__tblr_a_box=\box81
\l__tblr_b_box=\box82
\l__tblr_c_box=\box83
\l__tblr_d_box=\box84
\g__tblr_table_count_int=\count368
\c@colnum=\count369
\c@rowcount=\count370
\c@colcount=\count371
\abovesep=\dimen327
\belowsep=\dimen328
\leftsep=\dimen329
\rightsep=\dimen330
\g_tblr_level_int=\count372
\g__tblr_data_row_key_count_int=\count373
\g__tblr_data_column_key_count_int=\count374
\g__tblr_data_cell_key_count_int=\count375
\g__tblr_array_int=\count376
\l__tblr_key_count_int=\count377
\l__tblr_key_quotient_int=\count378
\l__tblr_key_quotient_two_int=\count379
\l__tblr_key_remainder_int=\count380
\g__tblr_data_str_value_count_int=\count381
\rulewidth=\dimen331
\l__tblr_strut_dp_dim=\dimen332
\l__tblr_strut_ht_dim=\dimen333
\g__tblr_cell_wd_dim=\dimen334
\g__tblr_cell_ht_dim=\dimen335
\g__tblr_cell_head_dim=\dimen336
\g__tblr_cell_foot_dim=\dimen337
\l__column_target_dim=\dimen338
\l__tblr_caption_box=\box85
\l__tblr_caption_left_box=\box86
\l__tblr_row_head_box=\box87
\l__tblr_row_foot_box=\box88
\l__tblr_row_head_foot_dim=\dimen339
\tablewidth=\dimen340
\l__tblr_table_firsthead_box=\box89
\l__tblr_table_middlehead_box=\box90
\l__tblr_table_lasthead_box=\box91
\l__tblr_table_firstfoot_box=\box92
\l__tblr_table_middlefoot_box=\box93
\l__tblr_table_lastfoot_box=\box94
\l__tblr_remain_height_dim=\dimen341
\l__tblr_long_from_int=\count382
\l__tblr_long_to_int=\count383
\l__tblr_curr_i_int=\count384
\l__tblr_prev_i_int=\count385
\l__tblr_table_page_int=\count386
\l__tblr_table_head_box=\box95
\l__tblr_table_foot_box=\box96
\l__tblr_table_head_foot_dim=\dimen342
\l__tblr_table_head_body_foot_dim=\dimen343
\l__tblr_table_box=\box97
\l__tblr_table_hlines_box=\box98
\l__tblr_hline_box=\box99
\l__tblr_row_box=\box100
\l__tblr_col_o_wd_dim=\dimen344
\l__tblr_col_b_wd_dim=\dimen345
\l__tblr_hline_leftskip_dim=\dimen346
\l__tblr_hline_rightskip_dim=\dimen347
\l__tblr_row_ht_dim=\dimen348
\l__tblr_row_dp_dim=\dimen349
\l__tblr_row_abovesep_dim=\dimen350
\l__tblr_row_belowsep_dim=\dimen351
\l__tblr_row_vlines_box=\box101
\l__tblr_vline_box=\box102
\l__tblr_cell_box=\box103
\l__row_upper_dim=\dimen352
\l__row_lower_dim=\dimen353
\l__row_vpace_dim=\dimen354
\l__tblr_vline_aboveskip_dim=\dimen355
\l__tblr_vline_belowskip_dim=\dimen356
\l__tblr_cell_wd_dim=\dimen357
\l__tblr_cell_ht_dim=\dimen358
\l__tblr_diag_box=\box104
) (C:\Users\ASUS\AppData\Local\Programs\MiKTeX\tex/latex/base\inputenc.sty
Package: inputenc 2021/02/14 v1.3d Input encoding file
\inpenc@prehook=\toks53
\inpenc@posthook=\toks54


Package inputenc Warning: inputenc package ignored with utf8 based engines.

) (C:\Users\ASUS\AppData\Local\Programs\MiKTeX\tex/latex/pgfplots\pgfplots.sty
(C:\Users\ASUS\AppData\Local\Programs\MiKTeX\tex/generic/pgfplots\pgfplots.revi
sion.tex)
Package: pgfplots 2021/05/15 v1.18.1 Data Visualization (1.18.1)

(C:\Users\ASUS\AppData\Local\Programs\MiKTeX\tex/generic/pgfplots\pgfplots.code
.tex
(C:\Users\ASUS\AppData\Local\Programs\MiKTeX\tex/generic/pgfplots\pgfplotscore.
code.tex
\t@pgfplots@toka=\toks55
\t@pgfplots@tokb=\toks56
\t@pgfplots@tokc=\toks57
\pgfplots@tmpa=\dimen359
\c@pgfplots@coordindex=\count387
\c@pgfplots@scanlineindex=\count388

(C:\Users\ASUS\AppData\Local\Programs\MiKTeX\tex/generic/pgfplots/sys\pgfplotss
ysgeneric.code.tex))
(C:\Users\ASUS\AppData\Local\Programs\MiKTeX\tex/generic/pgfplots/libs\pgfplots
library.code.tex)
(C:\Users\ASUS\AppData\Local\Programs\MiKTeX\tex/generic/pgfplots/oldpgfcompati
b\pgfplotsoldpgfsupp_loader.code.tex
(C:\Users\ASUS\AppData\Local\Programs\MiKTeX\tex/generic/pgf/libraries\pgflibra
ryfpu.code.tex)
Package pgfplots: loading complementary utilities for your pgf version...
\t@pgf@toka=\toks58
\t@pgf@tokb=\toks59
\t@pgf@tokc=\toks60

(C:\Users\ASUS\AppData\Local\Programs\MiKTeX\tex/generic/pgfplots/oldpgfcompati
b\pgfplotsoldpgfsupp_pgfutil-common-lists.tex))
(C:\Users\ASUS\AppData\Local\Programs\MiKTeX\tex/generic/pgfplots/util\pgfplots
util.code.tex
(C:\Users\ASUS\AppData\Local\Programs\MiKTeX\tex/generic/pgfplots/liststructure
\pgfplotsliststructure.code.tex)
(C:\Users\ASUS\AppData\Local\Programs\MiKTeX\tex/generic/pgfplots/liststructure
\pgfplotsliststructureext.code.tex)
(C:\Users\ASUS\AppData\Local\Programs\MiKTeX\tex/generic/pgfplots/liststructure
\pgfplotsarray.code.tex
\c@pgfplotsarray@tmp=\count389
)
(C:\Users\ASUS\AppData\Local\Programs\MiKTeX\tex/generic/pgfplots/liststructure
\pgfplotsmatrix.code.tex)
(C:\Users\ASUS\AppData\Local\Programs\MiKTeX\tex/generic/pgfplots/numtable\pgfp
lotstableshared.code.tex
\c@pgfplotstable@counta=\count390
\t@pgfplotstable@a=\toks61
)
(C:\Users\ASUS\AppData\Local\Programs\MiKTeX\tex/generic/pgfplots/liststructure
\pgfplotsdeque.code.tex)
(C:\Users\ASUS\AppData\Local\Programs\MiKTeX\tex/generic/pgfplots/util\pgfplots
binary.code.tex
(C:\Users\ASUS\AppData\Local\Programs\MiKTeX\tex/generic/pgfplots/util\pgfplots
binary.data.code.tex))
(C:\Users\ASUS\AppData\Local\Programs\MiKTeX\tex/generic/pgfplots/util\pgfplots
util.verb.code.tex)
(C:\Users\ASUS\AppData\Local\Programs\MiKTeX\tex/generic/pgfplots/libs\pgflibra
rypgfplots.surfshading.code.tex
\c@pgfplotslibrarysurf@no=\count391

(C:\Users\ASUS\AppData\Local\Programs\MiKTeX\tex/generic/pgfplots/sys\pgflibrar
ypgfplots.surfshading.pgfsys-xetex.def
(C:\Users\ASUS\AppData\Local\Programs\MiKTeX\tex/generic/pgfplots/sys\pgflibrar
ypgfplots.surfshading.pgfsys-dvipdfmx.def
\c@pgfplotslibrarysurf@streamlen=\count392
))))
(C:\Users\ASUS\AppData\Local\Programs\MiKTeX\tex/generic/pgfplots/util\pgfplots
colormap.code.tex
(C:\Users\ASUS\AppData\Local\Programs\MiKTeX\tex/generic/pgfplots/util\pgfplots
color.code.tex))
(C:\Users\ASUS\AppData\Local\Programs\MiKTeX\tex/generic/pgfplots\pgfplotsstack
edplots.code.tex)
(C:\Users\ASUS\AppData\Local\Programs\MiKTeX\tex/generic/pgfplots\pgfplotsploth
andlers.code.tex
(C:\Users\ASUS\AppData\Local\Programs\MiKTeX\tex/generic/pgfplots\pgfplotsmeshp
lothandler.code.tex
(C:\Users\ASUS\AppData\Local\Programs\MiKTeX\tex/generic/pgfplots\pgfplotsmeshp
lotimage.code.tex)))
(C:\Users\ASUS\AppData\Local\Programs\MiKTeX\tex/generic/pgfplots\pgfplots.scal
ing.code.tex)
(C:\Users\ASUS\AppData\Local\Programs\MiKTeX\tex/generic/pgfplots\pgfplotscoord
processing.code.tex)
(C:\Users\ASUS\AppData\Local\Programs\MiKTeX\tex/generic/pgfplots\pgfplots.erro
rbars.code.tex)
(C:\Users\ASUS\AppData\Local\Programs\MiKTeX\tex/generic/pgfplots\pgfplots.mark
ers.code.tex)
(C:\Users\ASUS\AppData\Local\Programs\MiKTeX\tex/generic/pgfplots\pgfplotsticks
.code.tex)
(C:\Users\ASUS\AppData\Local\Programs\MiKTeX\tex/generic/pgfplots\pgfplots.path
s.code.tex)
(C:\Users\ASUS\AppData\Local\Programs\MiKTeX\tex/generic/pgf/frontendlayer/tikz
/libraries\tikzlibrarydecorations.code.tex
(C:\Users\ASUS\AppData\Local\Programs\MiKTeX\tex/generic/pgf/modules\pgfmoduled
ecorations.code.tex
\pgfdecoratedcompleteddistance=\dimen360
\pgfdecoratedremainingdistance=\dimen361
\pgfdecoratedinputsegmentcompleteddistance=\dimen362
\pgfdecoratedinputsegmentremainingdistance=\dimen363
\pgf@decorate@distancetomove=\dimen364
\pgf@decorate@repeatstate=\count393
\pgfdecorationsegmentamplitude=\dimen365
\pgfdecorationsegmentlength=\dimen366
)
\tikz@lib@dec@box=\box105
)
(C:\Users\ASUS\AppData\Local\Programs\MiKTeX\tex/generic/pgf/frontendlayer/tikz
/libraries\tikzlibrarydecorations.pathmorphing.code.tex
(C:\Users\ASUS\AppData\Local\Programs\MiKTeX\tex/generic/pgf/libraries/decorati
ons\pgflibrarydecorations.pathmorphing.code.tex))
(C:\Users\ASUS\AppData\Local\Programs\MiKTeX\tex/generic/pgf/frontendlayer/tikz
/libraries\tikzlibrarydecorations.pathreplacing.code.tex
(C:\Users\ASUS\AppData\Local\Programs\MiKTeX\tex/generic/pgf/libraries/decorati
ons\pgflibrarydecorations.pathreplacing.code.tex))
(C:\Users\ASUS\AppData\Local\Programs\MiKTeX\tex/generic/pgfplots/libs\tikzlibr
arypgfplots.contourlua.code.tex)
\pgfplots@numplots=\count394
\pgfplots@xmin@reg=\dimen367
\pgfplots@xmax@reg=\dimen368
\pgfplots@ymin@reg=\dimen369
\pgfplots@ymax@reg=\dimen370
\pgfplots@zmin@reg=\dimen371
\pgfplots@zmax@reg=\dimen372
)
(C:\Users\ASUS\AppData\Local\Programs\MiKTeX\tex/generic/pgf/frontendlayer/tikz
/libraries\tikzlibraryplotmarks.code.tex
File: tikzlibraryplotmarks.code.tex 2023-01-15 v3.1.10 (3.1.10)

(C:\Users\ASUS\AppData\Local\Programs\MiKTeX\tex/generic/pgf/libraries\pgflibra
ryplotmarks.code.tex
File: pgflibraryplotmarks.code.tex 2023-01-15 v3.1.10 (3.1.10)
)))
(C:\Users\ASUS\AppData\Local\Programs\MiKTeX\tex/latex/siunitx\siunitx.sty
Package: siunitx 2023-07-26 v3.2.9 A comprehensive (SI) units package
\l__siunitx_angle_tmp_dim=\dimen373
\l__siunitx_angle_marker_box=\box106
\l__siunitx_angle_unit_box=\box107
\l__siunitx_compound_count_int=\count395

(C:\Users\ASUS\AppData\Local\Programs\MiKTeX\tex/latex/translations\translation
s.sty
Package: translations 2022/02/05 v1.12 internationalization of LaTeX2e packages
 (CN)
)
\l__siunitx_number_exponent_fixed_int=\count396
\l__siunitx_number_min_decimal_int=\count397
\l__siunitx_number_min_integer_int=\count398
\l__siunitx_number_round_precision_int=\count399
\l__siunitx_number_lower_threshold_int=\count400
\l__siunitx_number_upper_threshold_int=\count401
\l__siunitx_number_group_first_int=\count402
\l__siunitx_number_group_size_int=\count403
\l__siunitx_number_group_minimum_int=\count404
\l__siunitx_table_tmp_box=\box108
\l__siunitx_table_tmp_dim=\dimen374
\l__siunitx_table_column_width_dim=\dimen375
\l__siunitx_table_integer_box=\box109
\l__siunitx_table_decimal_box=\box110
\l__siunitx_table_uncert_box=\box111
\l__siunitx_table_before_box=\box112
\l__siunitx_table_after_box=\box113
\l__siunitx_table_before_dim=\dimen376
\l__siunitx_table_carry_dim=\dimen377
\l__siunitx_unit_tmp_int=\count405
\l__siunitx_unit_position_int=\count406
\l__siunitx_unit_total_int=\count407
) (C:\Users\ASUS\AppData\Local\Programs\MiKTeX\tex/latex/lm\lmodern.sty
Package: lmodern 2015/05/01 v1.6.1 Latin Modern Fonts
LaTeX Font Info:    Overwriting symbol font `operators' in version `normal'
(Font)                  OT1/cmr/m/n --> OT1/lmr/m/n on input line 22.
LaTeX Font Info:    Overwriting symbol font `letters' in version `normal'
(Font)                  OML/cmm/m/it --> OML/lmm/m/it on input line 23.
LaTeX Font Info:    Overwriting symbol font `symbols' in version `normal'
(Font)                  OMS/cmsy/m/n --> OMS/lmsy/m/n on input line 24.
LaTeX Font Info:    Overwriting symbol font `largesymbols' in version `normal'
(Font)                  OMX/cmex/m/n --> OMX/lmex/m/n on input line 25.
LaTeX Font Info:    Overwriting symbol font `operators' in version `bold'
(Font)                  OT1/cmr/bx/n --> OT1/lmr/bx/n on input line 26.
LaTeX Font Info:    Overwriting symbol font `letters' in version `bold'
(Font)                  OML/cmm/b/it --> OML/lmm/b/it on input line 27.
LaTeX Font Info:    Overwriting symbol font `symbols' in version `bold'
(Font)                  OMS/cmsy/b/n --> OMS/lmsy/b/n on input line 28.
LaTeX Font Info:    Overwriting symbol font `largesymbols' in version `bold'
(Font)                  OMX/cmex/m/n --> OMX/lmex/m/n on input line 29.
LaTeX Font Info:    Overwriting math alphabet `\mathbf' in version `normal'
(Font)                  OT1/cmr/bx/n --> OT1/lmr/bx/n on input line 31.
LaTeX Font Info:    Overwriting math alphabet `\mathsf' in version `normal'
(Font)                  OT1/cmss/m/n --> OT1/lmss/m/n on input line 32.
LaTeX Font Info:    Overwriting math alphabet `\mathit' in version `normal'
(Font)                  OT1/cmr/m/it --> OT1/lmr/m/it on input line 33.
LaTeX Font Info:    Overwriting math alphabet `\mathtt' in version `normal'
(Font)                  OT1/cmtt/m/n --> OT1/lmtt/m/n on input line 34.
LaTeX Font Info:    Overwriting math alphabet `\mathbf' in version `bold'
(Font)                  OT1/cmr/bx/n --> OT1/lmr/bx/n on input line 35.
LaTeX Font Info:    Overwriting math alphabet `\mathsf' in version `bold'
(Font)                  OT1/cmss/bx/n --> OT1/lmss/bx/n on input line 36.
LaTeX Font Info:    Overwriting math alphabet `\mathit' in version `bold'
(Font)                  OT1/cmr/bx/it --> OT1/lmr/bx/it on input line 37.
LaTeX Font Info:    Overwriting math alphabet `\mathtt' in version `bold'
(Font)                  OT1/cmtt/m/n --> OT1/lmtt/m/n on input line 38.
)
(C:\Users\ASUS\AppData\Local\Programs\MiKTeX\tex/latex/tcolorbox\tcolorbox.sty
Package: tcolorbox 2023/06/19 version 6.0.4 text color boxes

(C:\Users\ASUS\AppData\Local\Programs\MiKTeX\tex/latex/tools\verbatim.sty
Package: verbatim 2022-07-02 v1.5u LaTeX2e package for verbatim enhancements
\every@verbatim=\toks62
\verbatim@line=\toks63
\verbatim@in@stream=\read3
)
(C:\Users\ASUS\AppData\Local\Programs\MiKTeX\tex/latex/environ\environ.sty
Package: environ 2014/05/04 v0.3 A new way to define environments

(C:\Users\ASUS\AppData\Local\Programs\MiKTeX\tex/latex/trimspaces\trimspaces.st
y
Package: trimspaces 2009/09/17 v1.1 Trim spaces around a token list
))
\tcb@titlebox=\box114
\tcb@upperbox=\box115
\tcb@lowerbox=\box116
\tcb@phantombox=\box117
\c@tcbbreakpart=\count408
\c@tcblayer=\count409
\c@tcolorbox@number=\count410
\tcb@temp=\box118
\tcb@temp=\box119
\tcb@temp=\box120
\tcb@temp=\box121

(C:\Users\ASUS\AppData\Local\Programs\MiKTeX\tex/latex/tcolorbox\tcbraster.code
.tex
Library (tcolorbox): 'tcbraster.code.tex' version '6.0.4'
\c@tcbrastercolumn=\count411
\c@tcbrasterrow=\count412
\c@tcbrasternum=\count413
\c@tcbraster=\count414
)
(C:\Users\ASUS\AppData\Local\Programs\MiKTeX\tex/latex/tcolorbox\tcbskins.code.
tex
Library (tcolorbox): 'tcbskins.code.tex' version '6.0.4'

(C:\Users\ASUS\AppData\Local\Programs\MiKTeX\tex/latex/tikzfill\tikzfill.image.
sty
Package: tikzfill.image 2022/07/20 v1.0.0 Image filling library for TikZ

(C:\Users\ASUS\AppData\Local\Programs\MiKTeX\tex/latex/tikzfill\tikzfill-common
.sty
Package: tikzfill-common 2022/07/20 v1.0.0 Auxiliary code for tikzfill
)
(C:\Users\ASUS\AppData\Local\Programs\MiKTeX\tex/latex/tikzfill\tikzlibraryfill
.image.code.tex
File: tikzlibraryfill.image.code.tex 2022/07/20 v1.0.0 Image filling library
\l__tikzfill_img_box=\box122
))
(C:\Users\ASUS\AppData\Local\Programs\MiKTeX\tex/latex/tcolorbox\tcbskinsjigsaw
.code.tex
Library (tcolorbox): 'tcbskinsjigsaw.code.tex' version '6.0.4'
))
(C:\Users\ASUS\AppData\Local\Programs\MiKTeX\tex/latex/tcolorbox\tcbbreakable.c
ode.tex
Library (tcolorbox): 'tcbbreakable.code.tex' version '6.0.4'
(C:\Users\ASUS\AppData\Local\Programs\MiKTeX\tex/latex/pdfcol\pdfcol.sty
Package: pdfcol 2022-09-21 v1.7 Handle new color stacks for pdfTeX (HO)
Package pdfcol Info: Interface disabled because of missing PDF mode of pdfTeX.
)
Package pdfcol Info: pdfTeX's color stacks are not available.
\tcb@testbox=\box123
\tcb@totalupperbox=\box124
\tcb@totallowerbox=\box125
)
(C:\Users\ASUS\AppData\Local\Programs\MiKTeX\tex/latex/tcolorbox\tcbhooks.code.
tex
Library (tcolorbox): 'tcbhooks.code.tex' version '6.0.4'
)
(C:\Users\ASUS\AppData\Local\Programs\MiKTeX\tex/latex/tcolorbox\tcbtheorems.co
de.tex
Library (tcolorbox): 'tcbtheorems.code.tex' version '6.0.4'
)
(C:\Users\ASUS\AppData\Local\Programs\MiKTeX\tex/latex/tcolorbox\tcbfitting.cod
e.tex
Library (tcolorbox): 'tcbfitting.code.tex' version '6.0.4'
\tcbfitdim=\dimen378
\tcb@lowerfitdim=\dimen379
\tcb@upperfitdim=\dimen380
\tcb@cur@hbadness=\count415
)
(C:\Users\ASUS\AppData\Local\Programs\MiKTeX\tex/latex/tcolorbox\tcblistingsutf
8.code.tex
Library (tcolorbox): 'tcblistingsutf8.code.tex' version '6.0.4'

(C:\Users\ASUS\AppData\Local\Programs\MiKTeX\tex/latex/tcolorbox\tcblistings.co
de.tex
Library (tcolorbox): 'tcblistings.code.tex' version '6.0.4'
(C:\Users\ASUS\AppData\Local\Programs\MiKTeX\tex/latex/listings\listings.sty
\lst@mode=\count416
\lst@gtempboxa=\box126
\lst@token=\toks64
\lst@length=\count417
\lst@currlwidth=\dimen381
\lst@column=\count418
\lst@pos=\count419
\lst@lostspace=\dimen382
\lst@width=\dimen383
\lst@newlines=\count420
\lst@lineno=\count421
\lst@maxwidth=\dimen384

(C:\Users\ASUS\AppData\Local\Programs\MiKTeX\tex/latex/listings\lstmisc.sty
File: lstmisc.sty 2023/02/27 1.9 (Carsten Heinz)
\c@lstnumber=\count422
\lst@skipnumbers=\count423
\lst@framebox=\box127
)
(C:\Users\ASUS\AppData\Local\Programs\MiKTeX\tex/latex/listings\listings.cfg
File: listings.cfg 2023/02/27 1.9 listings configuration
))
Package: listings 2023/02/27 1.9 (Carsten Heinz)

(C:\Users\ASUS\AppData\Local\Programs\MiKTeX\tex/latex/tcolorbox\tcblistingscor
e.code.tex
Library (tcolorbox): 'tcblistingscore.code.tex' version '6.0.4'

(C:\Users\ASUS\AppData\Local\Programs\MiKTeX\tex/latex/tcolorbox\tcbprocessing.
code.tex
Library (tcolorbox): 'tcbprocessing.code.tex' version '6.0.4'
)
\c@tcblisting=\count424
))
Package tcolorbox Info: Library `listingsutf8' is compatible with pdftex only. 
Library `listings` is loaded instead. on input line 29.
)
(C:\Users\ASUS\AppData\Local\Programs\MiKTeX\tex/latex/tcolorbox\tcbexternal.co
de.tex
Library (tcolorbox): 'tcbexternal.code.tex' version '6.0.4'
)
(C:\Users\ASUS\AppData\Local\Programs\MiKTeX\tex/latex/tcolorbox\tcbmagazine.co
de.tex
Library (tcolorbox): 'tcbmagazine.code.tex' version '6.0.4'
)
(C:\Users\ASUS\AppData\Local\Programs\MiKTeX\tex/latex/tcolorbox\tcbvignette.co
de.tex
Library (tcolorbox): 'tcbvignette.code.tex' version '6.0.4'

(C:\Users\ASUS\AppData\Local\Programs\MiKTeX\tex/generic/pgf/frontendlayer/tikz
/libraries\tikzlibraryfadings.code.tex
File: tikzlibraryfadings.code.tex 2023-01-15 v3.1.10 (3.1.10)

(C:\Users\ASUS\AppData\Local\Programs\MiKTeX\tex/generic/pgf/libraries\pgflibra
ryfadings.code.tex
File: pgflibraryfadings.code.tex 2023-01-15 v3.1.10 (3.1.10)
)))
(C:\Users\ASUS\AppData\Local\Programs\MiKTeX\tex/latex/tcolorbox\tcbposter.code
.tex
Library (tcolorbox): 'tcbposter.code.tex' version '6.0.4'
))
(C:\Users\ASUS\AppData\Local\Programs\MiKTeX\tex/latex/asymptote\asymptote.sty
Package: asymptote 2021/12/29 v1.37 Asymptote style file for LaTeX

(main.pre)
\ASYbox=\box128
\ASYdimen=\dimen385
\c@asy=\count425
\AsyStream=\write5
\AsyPreStream=\write6

(C:\Users\ASUS\AppData\Local\Programs\MiKTeX\tex/generic/iftex\ifpdf.sty
Package: ifpdf 2019/10/25 v3.4 ifpdf legacy package. Use iftex instead.
)
(C:\Users\ASUS\AppData\Local\Programs\MiKTeX\tex/generic/iftex\ifxetex.sty
Package: ifxetex 2019/10/25 v0.7 ifxetex legacy package. Use iftex instead.
)
(C:\Users\ASUS\AppData\Local\Programs\MiKTeX\tex/generic/catchfile\catchfile.st
y
Package: catchfile 2019/12/09 v1.8 Catch the contents of a file (HO)
)
\openout6 = `main.pre'.

)
(C:\Users\ASUS\AppData\Local\Programs\MiKTeX\tex/latex/blindtext\blindtext.sty
Package: blindtext 2012/01/06 V2.0 blindtext-Package

(C:\Users\ASUS\AppData\Local\Programs\MiKTeX\tex/latex/tools\xspace.sty
Package: xspace 2014/10/28 v1.13 Space after command names (DPC,MH)
)
\c@blindtext=\count426
\c@Blindtext=\count427
\c@blind@countparstart=\count428
\blind@countxx=\count429
\blindtext@numBlindtext=\count430
\blind@countyy=\count431
\c@blindlist=\count432
\c@blindlistlevel=\count433
\c@blindlist@level=\count434
\blind@listitem=\count435
\c@blind@listcount=\count436
\c@blind@levelcount=\count437
\blind@mathformula=\count438
\blind@Mathformula=\count439
\c@blind@randomcount=\count440
\c@blind@randommax=\count441
\c@blind@pangramcount=\count442
\c@blind@pangrammax=\count443
)
(C:\Users\ASUS\AppData\Local\Programs\MiKTeX\tex/latex/tools\multicol.sty
Package: multicol 2023/03/30 v1.9f multicolumn formatting (FMi)
\c@tracingmulticols=\count444
\mult@box=\box129
\multicol@leftmargin=\dimen386
\c@unbalance=\count445
\c@collectmore=\count446
\doublecol@number=\count447
\multicoltolerance=\count448
\multicolpretolerance=\count449
\full@width=\dimen387
\page@free=\dimen388
\premulticols=\dimen389
\postmulticols=\dimen390
\multicolsep=\skip178
\multicolbaselineskip=\skip179
\partial@page=\box130
\last@line=\box131
\mc@boxedresult=\box132
\maxbalancingoverflow=\dimen391
\mult@rightbox=\box133
\mult@grightbox=\box134
\mult@firstbox=\box135
\mult@gfirstbox=\box136
\@tempa=\box137
\@tempa=\box138
\@tempa=\box139
\@tempa=\box140
\@tempa=\box141
\@tempa=\box142
\@tempa=\box143
\@tempa=\box144
\@tempa=\box145
\@tempa=\box146
\@tempa=\box147
\@tempa=\box148
\@tempa=\box149
\@tempa=\box150
\@tempa=\box151
\@tempa=\box152
\@tempa=\box153
\@tempa=\box154
\@tempa=\box155
\@tempa=\box156
\@tempa=\box157
\@tempa=\box158
\@tempa=\box159
\@tempa=\box160
\@tempa=\box161
\@tempa=\box162
\@tempa=\box163
\@tempa=\box164
\@tempa=\box165
\@tempa=\box166
\@tempa=\box167
\@tempa=\box168
\@tempa=\box169
\@tempa=\box170
\@tempa=\box171
\@tempa=\box172
\c@minrows=\count450
\c@columnbadness=\count451
\c@finalcolumnbadness=\count452
\last@try=\dimen392
\multicolovershoot=\dimen393
\multicolundershoot=\dimen394
\mult@nat@firstbox=\box173
\colbreak@box=\box174
\mc@col@check@num=\count453
)
(C:\Users\ASUS\AppData\Local\Programs\MiKTeX\tex/xelatex/xepersian\xepersian.st
y
Package: xepersian 2022/10/30 v24.8 (Release Women, Life, and Freedom) Persian 
typesetting in XeLaTeX

(C:\Users\ASUS\AppData\Local\Programs\MiKTeX\tex/xelatex/xepersian\xepersian-pe
rsiancal.sty
Package: xepersian-persiancal 2012/07/25 v0.2 provides Persian calendar
\XePersian@i=\count454
\XePersian@y=\count455
\XePersian@m=\count456
\XePersian@d=\count457
\XePersian@latini=\count458
\XePersian@persiani=\count459
\XePersian@latinii=\count460
\XePersian@persianii=\count461
\XePersian@latiniii=\count462
\XePersian@persianiii=\count463
\XePersian@latiniv=\count464
\XePersian@persianiv=\count465
\XePersian@latinv=\count466
\XePersian@persianv=\count467
\XePersian@latinvi=\count468
\XePersian@persianvi=\count469
\XePersian@latinvii=\count470
\XePersian@persianvii=\count471
\XePersian@latinviii=\count472
\XePersian@persianviii=\count473
\XePersian@latinix=\count474
\XePersian@persianix=\count475
\XePersian@latinx=\count476
\XePersian@persianx=\count477
\XePersian@latinxi=\count478
\XePersian@persianxi=\count479
\XePersian@latinxii=\count480
\XePersian@persianxii=\count481
\XePersian@persianxiii=\count482
\XePersian@temp=\count483
\XePersian@temptwo=\count484
\XePersian@tempthree=\count485
\XePersian@yModHundred=\count486
\XePersian@thirtytwo=\count487
\XePersian@dn=\count488
\XePersian@sn=\count489
\XePersian@mminusone=\count490
)
(C:\Users\ASUS\AppData\Local\Programs\MiKTeX\tex/xelatex/xepersian\xepersian-ma
thdigitspec.sty
Package: xepersian-mathdigitspec 2022/05/20 v1.2.0 Unicode Persian math digits 
in XeLaTeX
)
(C:\Users\ASUS\AppData\Local\Programs\MiKTeX\tex/xelatex/bidi\bidi.sty
Package: bidi 2023/01/18 v39.7 (Release Serge Lang) Bidirectional typesetting i
n plain TeX and LaTeX

****************************************************
* 
* bidi package (Bidirectional typesetting in
* plain TeX and LaTeX, using XeTeX engine)
* 
* Description: A convenient interface for
* typesetting bidirectional texts in plain TeX
* and LaTeX. The package includes adaptations
* for use with many other commonly-used packages.
* 
* Copyright (c) 2007--2023 Vafa Khalighi
* Copyright (c) 2018--2020 bidi-tex GitHub organization
* 
* v39.7 (Release Serge Lang), 2023/01/18
* 
* License: LaTeX Project Public License, version
* 1.3c or higher (your choice)
* 
* Location on CTAN: /macros/xetex/latex/bidi
* 
* Issue tracker: https://github.com/kvafa/bidi/issues
* 
* Discussions: https://github.com/kvafa/bidi/discussions
* 
* Primary author of bidi package: Vafa Khalighi.
* 
****************************************************
(C:\Users\ASUS\AppData\Local\Programs\MiKTeX\tex/xelatex/bidi\biditools.sty
Package: biditools 2022/06/15 v2.3 Programming tools for bidi package
\@bidi@envbody=\toks65
\@bidi@emptytoks=\toks66
\bidi@poscount=\count491
\bidi@tempcountb=\count492
\bidi@temptoksa=\toks67
\bidi@temptoksb=\toks68
\bidi@dummies=\count493
\bidi@are@these@correct=\toks69
\bidi@toks@lista=\toks70
\bidi@toks@listb=\toks71
\bidi@stack@length=\count494
\bidi@empty@stack=\toks72
\bidi@looprepeat@depth=\count495
)
\@bidi@copyins@=\insert252

(C:\Users\ASUS\AppData\Local\Programs\MiKTeX\tex/xelatex/bidi\latex-xetex-bidi.
def
File: latex-xetex-bidi.def 2022/07/04 v1.4.9 bidi adaptations for `latex.ltx' f
or XeTeX engine
\bidi@n@everypar=\toks73
\bidi@column@check@number=\count496

(C:\Users\ASUS\AppData\Local\Programs\MiKTeX\tex/xelatex/bidi\footnote-xetex-bi
di.def
File: footnote-xetex-bidi.def 2023/01/18 v1.2 bidi footnote macros for XeTeX en
gine
\c@footdir@label=\count497
\footdir@toks=\toks74
)
(C:\Users\ASUS\AppData\Local\Programs\MiKTeX\tex/xelatex/bidi\article-xetex-bid
i.def
File: article-xetex-bidi.def 2017/06/09 v0.6 bidi adaptations for standard arti
cle class for XeTeX engine
)
(C:\Users\ASUS\AppData\Local\Programs\MiKTeX\tex/xelatex/bidi\mathtools-xetex-b
idi.def
File: mathtools-xetex-bidi.def 2018/01/07 v0.1 bidi adaptations for mathtools p
ackage for XeTeX engine
)
(C:\Users\ASUS\AppData\Local\Programs\MiKTeX\tex/xelatex/bidi\amsmath-xetex-bid
i.def
File: amsmath-xetex-bidi.def 2020/05/16 v1.2 bidi adaptations for amsmath packa
ge for XeTeX engine
)
(C:\Users\ASUS\AppData\Local\Programs\MiKTeX\tex/xelatex/bidi\amstext-xetex-bid
i.def
File: amstext-xetex-bidi.def 2016/09/12 v0.2 bidi adaptations for amstext packa
ge for XeTeX engine
)
(C:\Users\ASUS\AppData\Local\Programs\MiKTeX\tex/xelatex/bidi\amsthm-xetex-bidi
.def
File: amsthm-xetex-bidi.def 2010/07/25 v0.1 bidi adaptations for amsthm package
 for XeTeX engine
)
(C:\Users\ASUS\AppData\Local\Programs\MiKTeX\tex/xelatex/bidi\caption-xetex-bid
i.def
File: caption-xetex-bidi.def 2010/07/25 v0.1 bidi adaptations for caption packa
ge for XeTeX engine
)
(C:\Users\ASUS\AppData\Local\Programs\MiKTeX\tex/xelatex/bidi\caption3-xetex-bi
di.def
File: caption3-xetex-bidi.def 2013/04/01 v0.1 bidi adaptations for caption3 pac
kage for XeTeX engine
)
(C:\Users\ASUS\AppData\Local\Programs\MiKTeX\tex/xelatex/bidi\color-xetex-bidi.
def
File: color-xetex-bidi.def 2013/04/08 v0.2 bidi adaptations for color package f
or XeTeX engine
LaTeX Info: Redefining \color on input line 49.
)
(C:\Users\ASUS\AppData\Local\Programs\MiKTeX\tex/xelatex/bidi\xcolor-xetex-bidi
.def
File: xcolor-xetex-bidi.def 2022/06/13 v0.3 bidi adaptations for xcolor package
 for XeTeX engine
LaTeX Info: Redefining \color on input line 48.
LaTeX Info: Redefining \bidicolor on input line 91.
)
(C:\Users\ASUS\AppData\Local\Programs\MiKTeX\tex/xelatex/bidi\colortbl-xetex-bi
di.def
File: colortbl-xetex-bidi.def 2012/06/10 v0.2 bidi adaptations for colortbl pac
kage for XeTeX engine
)
(C:\Users\ASUS\AppData\Local\Programs\MiKTeX\tex/xelatex/bidi\float-xetex-bidi.
def
File: float-xetex-bidi.def 2013/04/04 v0.2 bidi adaptations for float package f
or XeTeX engine
)
(C:\Users\ASUS\AppData\Local\Programs\MiKTeX\tex/xelatex/bidi\graphicx-xetex-bi
di.def
File: graphicx-xetex-bidi.def 2017/06/17 v0.5 bidi adaptations for graphicx pac
kage for XeTeX engine
)
(C:\Users\ASUS\AppData\Local\Programs\MiKTeX\tex/xelatex/bidi\geometry-xetex-bi
di.def
File: geometry-xetex-bidi.def 2017/01/14 v0.2 bidi adaptations for geometry pac
kage for XeTeX engine
)
(C:\Users\ASUS\AppData\Local\Programs\MiKTeX\tex/xelatex/bidi\hyperref-xetex-bi
di.def
File: hyperref-xetex-bidi.def 2018/11/11 v1.1 bidi adaptations for hyperref pac
kage for XeTeX engine
)
(C:\Users\ASUS\AppData\Local\Programs\MiKTeX\tex/xelatex/bidi\fancyhdr-xetex-bi
di.def
File: fancyhdr-xetex-bidi.def 2018/02/15 v0.7 bidi adaptations for fancyhdr pac
kage for XeTeX engine
)
(C:\Users\ASUS\AppData\Local\Programs\MiKTeX\tex/xelatex/bidi\eso-pic-xetex-bid
i.def
File: eso-pic-xetex-bidi.def 2022/02/18 v0.4 bidi adaptations for eso-pic packa
ge for XeTeX engine
)
(C:\Users\ASUS\AppData\Local\Programs\MiKTeX\tex/xelatex/bidi\listings-xetex-bi
di.def
File: listings-xetex-bidi.def 2018/09/15 v1.5 bidi adaptations for listings pac
kage for XeTeX engine
)
(C:\Users\ASUS\AppData\Local\Programs\MiKTeX\tex/xelatex/bidi\pgfcorescopes.cod
e-xetex-bidi.def
File: pgfcorescopes.code-xetex-bidi.def 2015/11/14 v0.1 bidi adaptations for pg
f package for XeTeX engine
)
(C:\Users\ASUS\AppData\Local\Programs\MiKTeX\tex/xelatex/bidi\titlesec-xetex-bi
di.def
File: titlesec-xetex-bidi.def 2010/07/25 v0.1 bidi adaptations for titlesec pac
kage for XeTeX engine
)
(C:\Users\ASUS\AppData\Local\Programs\MiKTeX\tex/xelatex/bidi\array-xetex-bidi.
def
File: array-xetex-bidi.def 2015/11/07 v0.3 bidi adaptations for array package f
or XeTeX engine
)
(C:\Users\ASUS\AppData\Local\Programs\MiKTeX\tex/xelatex/bidi\mdframed-xetex-bi
di.def
File: mdframed-xetex-bidi.def 2013/09/22 v0.4 bidi adaptations for mdframed pac
kage for XeTeX engine
)
(C:\Users\ASUS\AppData\Local\Programs\MiKTeX\tex/xelatex/bidi\multicol-xetex-bi
di.def
File: multicol-xetex-bidi.def 2022/07/10 v1.4 bidi adaptations for multicol pac
kage for XeTeX engine
)
(C:\Users\ASUS\AppData\Local\Programs\MiKTeX\tex/xelatex/bidi\pgfsys.code-xetex
-bidi.def
File: pgfsys.code-xetex-bidi.def 2022/06/01 v0.1 bidi adaptations for pgfsys.co
de.tex file for XeTeX engine
)
(C:\Users\ASUS\AppData\Local\Programs\MiKTeX\tex/xelatex/bidi\tcolorbox-xetex-b
idi.def
File: tcolorbox-xetex-bidi.def 2018/11/11 v0.2 bidi adaptations for tcolorbox p
ackage for XeTeX engine
)
(C:\Users\ASUS\AppData\Local\Programs\MiKTeX\tex/xelatex/bidi\tocloft-xetex-bid
i.def
File: tocloft-xetex-bidi.def 2010/07/25 v0.2 bidi adaptations for tocloft packa
ge for XeTeX engine
)
(C:\Users\ASUS\AppData\Local\Programs\MiKTeX\tex/xelatex/bidi\tc-xetex-bidi.def
File: tc-xetex-bidi.def 2014/07/08 v0.1 bidi adaptations for Clipping driver fo
r XeTeX engine
))
(C:\Users\ASUS\AppData\Local\Programs\MiKTeX\tex/xelatex/bidi\loadingorder-xete
x-bidi.def
File: loadingorder-xetex-bidi.def 2017/12/29 v0.97 making sure that bidi is the
 last package loaded
)
\bidi@digits=\count498
\bidi@digits@charclass=\XeTeXcharclass1
\bidi@sepmark@charclass=\XeTeXcharclass2
)
****************************************************
* 
* xepersian package (Persian for LaTeX, using XeTeX engine)
* 
* Description: The package supports Persian
* typesetting, using fonts provided in the
* distribution.
* 
* Copyright (c) 2008--2022 Vafa Khalighi
* Copyright (c) 2018--2020 bidi-tex GitHub Organization
* 
* v24.8 (Release Women, Life, and Freedom), 2022/10/30
* 
* License: LaTeX Project Public License, version
* 1.3c or higher (your choice)
* 
* Location on CTAN: /macros/xetex/latex/xepersian
* 
* Issue tracker: https://github.com/kvafa/xepersian/issues
* 
* Discussions: https://github.com/kvafa/xepersian/discussions
* 
* Primary author of xepersian package: Vafa Khalighi.
* 
****************************************************
\xepersian@tcl=\count499
\xepersian@ilg=\dimen395
\xepersian@strutilg=\dimen396

(C:\Users\ASUS\AppData\Local\Programs\MiKTeX\tex/xelatex/xepersian\loadingorder
-xepersian.def
File: loadingorder-xepersian.def 2018/09/29 v0.5 making sure that xepersian is 
the last package loaded
)
(C:\Users\ASUS\AppData\Local\Programs\MiKTeX\tex/xelatex/xepersian\footnote-xep
ersian.def
File: footnote-xepersian.def 2017/08/09 v0.6 footnote macros for xepersian pack
age
)
(C:\Users\ASUS\AppData\Local\Programs\MiKTeX\tex/xelatex/xepersian\listings-xep
ersian.def
File: listings-xepersian.def 2014/07/17 v0.3 bilingual captions for listings pa
ckage
)
(C:\Users\ASUS\AppData\Local\Programs\MiKTeX\tex/xelatex/xepersian\enumitem-xep
ersian.def
File: enumitem-xepersian.def 2017/09/06 v0.1 adaptations for enumitem package
)
(C:\Users\ASUS\AppData\Local\Programs\MiKTeX\tex/xelatex/xepersian\hyperref-xep
ersian.def
File: hyperref-xepersian.def 2022/10/30 v0.8 xepersian adaptations for hyperref
 package
)
(C:\Users\ASUS\AppData\Local\Programs\MiKTeX\tex/xelatex/xepersian\tocloft-xepe
rsian.def
File: tocloft-xepersian.def 2010/07/25 v0.1 bilingual captions for tocloft pack
age
)
(C:\Users\ASUS\AppData\Local\Programs\MiKTeX\tex/xelatex/xepersian\url-xepersia
n.def
File: url-xepersian.def 2022/02/18 v0.1 adaptations for url package
)
(C:\Users\ASUS\AppData\Local\Programs\MiKTeX\tex/xelatex/xepersian\article-xepe
rsian.def
File: article-xepersian.def 2010/07/25 v0.2 adaptations for standard article cl
ass
)

Package fontspec Info: Font family 'lmroman10-regular(0)' created for font
(fontspec)             'lmroman10-regular' with options
(fontspec)             [Ligatures=TeX,Path,BoldFont={lmroman10-bold},BoldItalic
Font={lmroman10-bolditalic},ItalicFont={lmroman10-italic},SmallCapsFont={lmroma
ncaps10-regular},SlantedFont={lmromanslant10-regular},BoldSlantedFont={lmromans
lant10-bold}].
(fontspec)              
(fontspec)              This font family consists of the following NFSS
(fontspec)             series/shapes:
(fontspec)              
(fontspec)             - 'normal' (m/n) with NFSS spec.:
(fontspec)             <->"[lmroman10-regular]/OT:script=latn;language=dflt;map
ping=tex-text;"
(fontspec)             - 'small caps'  (m/sc) with NFSS spec.:
(fontspec)             <->"[lmromancaps10-regular]/OT:script=latn;language=dflt
;mapping=tex-text;"
(fontspec)             - 'bold' (b/n) with NFSS spec.:
(fontspec)             <->"[lmroman10-bold]/OT:script=latn;language=dflt;mappin
g=tex-text;"
(fontspec)             - 'bold small caps'  (b/sc) with NFSS spec.:
(fontspec)             <->"[lmromancaps10-regular]/OT:script=latn;language=dflt
;mapping=tex-text;"
(fontspec)             - 'italic' (m/it) with NFSS spec.:
(fontspec)             <->"[lmroman10-italic]/OT:script=latn;language=dflt;mapp
ing=tex-text;"
(fontspec)             - 'italic small caps'  (m/scit) with NFSS spec.:
(fontspec)             <->"[lmromancaps10-regular]/OT:script=latn;language=dflt
;mapping=tex-text;"
(fontspec)             - 'slanted' (m/sl) with NFSS spec.:
(fontspec)             <->"[lmromanslant10-regular]/OT:script=latn;language=dfl
t;mapping=tex-text;"
(fontspec)             - 'slanted small caps'  (m/scsl) with NFSS spec.:
(fontspec)             <->"[lmromancaps10-regular]/OT:script=latn;language=dflt
;mapping=tex-text;"
(fontspec)             - 'bold italic' (b/it) with NFSS spec.:
(fontspec)             <->"[lmroman10-bolditalic]/OT:script=latn;language=dflt;
mapping=tex-text;"
(fontspec)             - 'bold italic small caps'  (b/scit) with NFSS spec.:
(fontspec)             <->"[lmromancaps10-regular]/OT:script=latn;language=dflt
;mapping=tex-text;"
(fontspec)             - 'bold slanted' (b/sl) with NFSS spec.:
(fontspec)             <->"[lmromanslant10-bold]/OT:script=latn;language=dflt;m
apping=tex-text;"
(fontspec)             - 'bold slanted small caps'  (b/scsl) with NFSS spec.:
(fontspec)             <->"[lmromancaps10-regular]/OT:script=latn;language=dflt
;mapping=tex-text;"

)

Package fontspec Info: Font family 'BLotusBold(0)' created for font 'B Lotus
(fontspec)             Bold' with options
(fontspec)             [Scale=1.3,Extension=.ttf,Path=Fonts/].
(fontspec)              
(fontspec)              This font family consists of the following NFSS
(fontspec)             series/shapes:
(fontspec)              
(fontspec)             - 'normal' (m/n) with NFSS spec.: <->s*[1.3]"[Fonts/B
(fontspec)             Lotus Bold.ttf]/OT:language=dflt;"
(fontspec)             - 'small caps'  (m/sc) with NFSS spec.: 


Package fontspec Info: Font family 'XBYas(0)' created for font 'XB Yas' with
(fontspec)             options
(fontspec)             [RawFeature={script=arab},Ligatures=PersianTeX,Scale=1,E
xtension=.ttf,Path=Fonts/,BoldFont=XB
(fontspec)             Yas Bd,ItalicFont=XB Yas It,BoldItalicFont=XB Yas
(fontspec)             BdIt].
(fontspec)              
(fontspec)              This font family consists of the following NFSS
(fontspec)             series/shapes:
(fontspec)              
(fontspec)             - 'normal' (m/n) with NFSS spec.: <->s*[1]"[Fonts/XB
(fontspec)             Yas.ttf]/OT:script=latn;language=dflt;script=arab;mappin
g=persian-tex-text;"
(fontspec)             - 'small caps'  (m/sc) with NFSS spec.: 
(fontspec)             - 'bold' (b/n) with NFSS spec.: <->s*[1]"[Fonts/XB Yas
(fontspec)             Bd.ttf]/OT:script=latn;language=dflt;script=arab;mapping
=persian-tex-text;"
(fontspec)             - 'bold small caps'  (b/sc) with NFSS spec.: 
(fontspec)             - 'italic' (m/it) with NFSS spec.: <->s*[1]"[Fonts/XB
(fontspec)             Yas
(fontspec)             It.ttf]/OT:script=latn;language=dflt;script=arab;mapping
=persian-tex-text;"
(fontspec)             - 'italic small caps'  (m/scit) with NFSS spec.: 
(fontspec)             - 'bold italic' (b/it) with NFSS spec.:
(fontspec)             <->s*[1]"[Fonts/XB Yas
(fontspec)             BdIt.ttf]/OT:script=latn;language=dflt;script=arab;mappi
ng=persian-tex-text;"
(fontspec)             - 'bold italic small caps'  (b/scit) with NFSS spec.: 

LaTeX Font Info:    Font shape `TU/XBYas(0)/m/n' will be
(Font)              scaled to size 10.0pt on input line 70.
*geometry* verbose mode - [ newgeometry ] result:
* driver: 
* paper: a4paper
* layout: <same size as paper>
* layoutoffset:(h,v)=(0.0pt,0.0pt)
* modes: 
* h-part:(L,W,R)=(85.35826pt, 443.57848pt, 85.35826pt)
* v-part:(T,H,B)=(71.13188pt, 624.25346pt, 99.58464pt)
* \paperwidth=614.295pt
* \paperheight=794.96999pt
* \textwidth=443.57848pt
* \textheight=624.25346pt
* \oddsidemargin=13.08827pt
* \evensidemargin=13.08827pt
* \topmargin=-38.1381pt
* \headheight=12.0pt
* \headsep=25.0pt
* \topskip=10.0pt
* \footskip=30.0pt
* \marginparwidth=65.0pt
* \marginparsep=11.0pt
* \columnsep=10.0pt
* \skip\footins=9.0pt plus 4.0pt minus 2.0pt
* \hoffset=0.0pt
* \voffset=0.0pt
* \mag=1000
* \@twocolumnfalse
* \@twosidefalse
* \@mparswitchfalse
* \@reversemarginfalse
* (1in=72.27pt=25.4mm, 1cm=28.453pt)

Package thmtools Info: Key `mdframed' (with value `style=mdbluebox')
(thmtools)             is not a known style key.
(thmtools)             Will pass this to every \declaretheorem
(thmtools)             that uses `style=thmbluebox' on input line 118.
Package thmtools Info: Automatically pulling in `thmdef-mdframed' on input line
 122.

(C:\Users\ASUS\AppData\Local\Programs\MiKTeX\tex/latex/thmtools\thmdef-mdframed
.sty
Package: thmdef-mdframed 2023/05/04 v0.76
)
\c@Theorem=\count500
Package thmtools Info: Key `mdframed' (with value `style=mdgreenbox')
(thmtools)             is not a known style key.
(thmtools)             Will pass this to every \declaretheorem
(thmtools)             that uses `style=thmgreenbox' on input line 141.
Package thmtools Info: Key `mdframed' (with value `style=mdredbox')
(thmtools)             is not a known style key.
(thmtools)             Will pass this to every \declaretheorem
(thmtools)             that uses `style=thmredbox' on input line 161.
\c@Defenition=\count501
Package thmtools Info: Key `mdframed' (with value `style=mdorangebox')
(thmtools)             is not a known style key.
(thmtools)             Will pass this to every \declaretheorem
(thmtools)             that uses `style=thmorangebox' on input line 181.
\c@Lemma=\count502
\c@Problem=\count503
)
Package translations Info: No language package found. I am going to use `englis
h' as default language. on input line 23.
 (main.aux)
\openout1 = `main.aux'.

LaTeX Font Info:    Checking defaults for OML/cmm/m/it on input line 23.
LaTeX Font Info:    ... okay on input line 23.
LaTeX Font Info:    Checking defaults for OMS/cmsy/m/n on input line 23.
LaTeX Font Info:    ... okay on input line 23.
LaTeX Font Info:    Checking defaults for OT1/cmr/m/n on input line 23.
LaTeX Font Info:    ... okay on input line 23.
LaTeX Font Info:    Checking defaults for T1/cmr/m/n on input line 23.
LaTeX Font Info:    ... okay on input line 23.
LaTeX Font Info:    Checking defaults for TS1/cmr/m/n on input line 23.
LaTeX Font Info:    Trying to load font information for TS1+cmr on input line 2
3.

(C:\Users\ASUS\AppData\Local\Programs\MiKTeX\tex/latex/base\ts1cmr.fd
File: ts1cmr.fd 2023/04/13 v2.5m Standard LaTeX font definitions
)
LaTeX Font Info:    ... okay on input line 23.
LaTeX Font Info:    Checking defaults for TU/lmr/m/n on input line 23.
LaTeX Font Info:    ... okay on input line 23.
LaTeX Font Info:    Checking defaults for OMX/cmex/m/n on input line 23.
LaTeX Font Info:    ... okay on input line 23.
LaTeX Font Info:    Checking defaults for U/cmr/m/n on input line 23.
LaTeX Font Info:    ... okay on input line 23.
LaTeX Font Info:    Checking defaults for PD1/pdf/m/n on input line 23.
LaTeX Font Info:    ... okay on input line 23.
LaTeX Font Info:    Checking defaults for PU/pdf/m/n on input line 23.
LaTeX Font Info:    ... okay on input line 23.

*geometry* driver: auto-detecting
*geometry* detected driver: xetex
*geometry* verbose mode - [ preamble ] result:
* driver: xetex
* paper: a4paper
* layout: <same size as paper>
* layoutoffset:(h,v)=(0.0pt,0.0pt)
* modes: 
* h-part:(L,W,R)=(85.35826pt, 443.57848pt, 85.35826pt)
* v-part:(T,H,B)=(71.13188pt, 624.25346pt, 99.58464pt)
* \paperwidth=614.295pt
* \paperheight=794.96999pt
* \textwidth=443.57848pt
* \textheight=624.25346pt
* \oddsidemargin=13.08827pt
* \evensidemargin=13.08827pt
* \topmargin=-38.1381pt
* \headheight=12.0pt
* \headsep=25.0pt
* \topskip=10.0pt
* \footskip=30.0pt
* \marginparwidth=65.0pt
* \marginparsep=11.0pt
* \columnsep=10.0pt
* \skip\footins=9.0pt plus 4.0pt minus 2.0pt
* \hoffset=0.0pt
* \voffset=0.0pt
* \mag=1000
* \@twocolumnfalse
* \@twosidefalse
* \@mparswitchfalse
* \@reversemarginfalse
* (1in=72.27pt=25.4mm, 1cm=28.453pt)

Package hyperref Info: Link coloring OFF on input line 23.
(main.out) (main.out)
\@outlinefile=\write7
\openout7 = `main.out'.

Package caption Info: Begin \AtBeginDocument code.
Package caption Info: listings package is loaded.
Package caption Info: End \AtBeginDocument code.

(C:\Users\ASUS\AppData\Local\Programs\MiKTeX\tex/latex/ninecolors\ninecolors.st
y
Package: ninecolors 2022-02-13 vv2022D Select colors with proper color contrast

)
Package pgfplots notification 'compat/show suggested version=true': you might b
enefit from \pgfplotsset{compat=1.18} (current compat level: 1.15).


(C:\Users\ASUS\AppData\Local\Programs\MiKTeX\tex/latex/translations/dicts\trans
lations-basic-dictionary-english.trsl
File: translations-basic-dictionary-english.trsl (english translation file `tra
nslations-basic-dictionary')
)
\c@lstlisting=\count504
LaTeX Font Info:    Font shape `TU/XBYas(0)/m/n' will be
(Font)              scaled to size 17.28pt on input line 25.
LaTeX Font Info:    Font shape `TU/XBYas(0)/b/n' will be
(Font)              scaled to size 17.28pt on input line 25.
LaTeX Font Info:    Font shape `TU/XBYas(0)/m/n' will be
(Font)              scaled to size 12.0pt on input line 25.
LaTeX Font Info:    Trying to load font information for OT1+lmr on input line 2
5.

(C:\Users\ASUS\AppData\Local\Programs\MiKTeX\tex/latex/lm\ot1lmr.fd
File: ot1lmr.fd 2015/05/01 v1.6.1 Font defs for Latin Modern
)
LaTeX Font Info:    Trying to load font information for OML+lmm on input line 2
5.

(C:\Users\ASUS\AppData\Local\Programs\MiKTeX\tex/latex/lm\omllmm.fd
File: omllmm.fd 2015/05/01 v1.6.1 Font defs for Latin Modern
)
LaTeX Font Info:    Trying to load font information for OMS+lmsy on input line 
25.

(C:\Users\ASUS\AppData\Local\Programs\MiKTeX\tex/latex/lm\omslmsy.fd
File: omslmsy.fd 2015/05/01 v1.6.1 Font defs for Latin Modern
)
LaTeX Font Info:    Trying to load font information for OMX+lmex on input line 
25.

(C:\Users\ASUS\AppData\Local\Programs\MiKTeX\tex/latex/lm\omxlmex.fd
File: omxlmex.fd 2015/05/01 v1.6.1 Font defs for Latin Modern
)
LaTeX Font Info:    External font `lmex10' loaded for size
(Font)              <12> on input line 25.
LaTeX Font Info:    External font `lmex10' loaded for size
(Font)              <8> on input line 25.
LaTeX Font Info:    External font `lmex10' loaded for size
(Font)              <6> on input line 25.
LaTeX Font Info:    Trying to load font information for U+msa on input line 25.


(C:\Users\ASUS\AppData\Local\Programs\MiKTeX\tex/latex/amsfonts\umsa.fd
File: umsa.fd 2013/01/14 v3.01 AMS symbols A
)
LaTeX Font Info:    Trying to load font information for U+msb on input line 25.


(C:\Users\ASUS\AppData\Local\Programs\MiKTeX\tex/latex/amsfonts\umsb.fd
File: umsb.fd 2013/01/14 v3.01 AMS symbols B
)
LaTeX Font Info:    Trying to load font information for U+rsfs on input line 25
.

(C:\Users\ASUS\AppData\Local\Programs\MiKTeX\tex/latex/jknappen\ursfs.fd
File: ursfs.fd 1998/03/24 rsfs font definition file (jk)
)
LaTeX Font Info:    Font shape `TU/XBYas(0)/m/n' will be
(Font)              scaled to size 9.0pt on input line 27.
LaTeX Font Info:    Font shape `TU/XBYas(0)/b/n' will be
(Font)              scaled to size 9.0pt on input line 27.
Package mdframed Info: mdframed detected package amsthm 
 changed the theorem header of amsthm
(mdframed)              on input line 35.
LaTeX Font Info:    Font shape `TU/BLotusBold(0)/m/n' will be
(Font)              scaled to size 13.00003pt on input line 35.
Package hyperref Info: bookmark level for unknown Defenition defaults to 0 on i
nput line 35.
LaTeX Font Info:    External font `lmex10' loaded for size
(Font)              <10> on input line 35.
LaTeX Font Info:    External font `lmex10' loaded for size
(Font)              <7> on input line 35.
LaTeX Font Info:    External font `lmex10' loaded for size
(Font)              <5> on input line 35.
LaTeX Font Info:    Font shape `TU/XBYas(0)/m/n' will be
(Font)              scaled to size 14.4pt on input line 40.
LaTeX Font Info:    Font shape `TU/XBYas(0)/b/n' will be
(Font)              scaled to size 14.4pt on input line 40.
Package mdframed Info: mdframed detected package amsthm 
 changed the theorem header of amsthm
(mdframed)              on input line 46.
Package hyperref Info: bookmark level for unknown Theorem defaults to 0 on inpu
t line 46.
LaTeX Font Info:    Font shape `TU/XBYas(0)/m/it' will be
(Font)              scaled to size 10.0pt on input line 67.
File: Figures/caseypro.pdf Graphic file (type pdf)
<use Figures/caseypro.pdf>

[1


]
Package mdframed Info: mdframed detected package amsthm 
 changed the theorem header of amsthm
(mdframed)              on input line 72.
Package hyperref Info: bookmark level for unknown Example defaults to 0 on inpu
t line 72.
File: Figures/ncavenye.pdf Graphic file (type pdf)
<use Figures/ncavenye.pdf>
LaTeX Font Info:    Font shape `TU/XBYas(0)/b/n' will be
(Font)              scaled to size 10.0pt on input line 95.
 [2]
Package mdframed Info: mdframed detected package amsthm 
 changed the theorem header of amsthm
(mdframed)              on input line 99.
File: Figures/alrussian.pdf Graphic file (type pdf)
<use Figures/alrussian.pdf>
 [3]
Package mdframed Info: mdframed detected package amsthm 
 changed the theorem header of amsthm
(mdframed)              on input line 141.
File: Figures/dif.pdf Graphic file (type pdf)
<use Figures/dif.pdf>
Package mdframed Info: mdframed detected package amsthm 
 changed the theorem header of amsthm
(mdframed)              on input line 165.
File: Figures/usa2015.pdf Graphic file (type pdf)
<use Figures/usa2015.pdf>
 [4]
Package mdframed Info: mdframed detected package amsthm 
 changed the theorem header of amsthm
(mdframed)              on input line 191.
Package hyperref Info: bookmark level for unknown Lemma defaults to 0 on input 
line 191.
File: Figures/powerratio.pdf Graphic file (type pdf)
<use Figures/powerratio.pdf>
 [5]
Package mdframed Info: mdframed detected package amsthm 
 changed the theorem header of amsthm
(mdframed)              on input line 218.
File: Figures/powerratioexam.pdf Graphic file (type pdf)
<use Figures/powerratioexam.pdf>
 [6]
! Double superscript.
<recently read> ^
                 
l.242 }
       
I treat `x^1^2' essentially like `x^1{}^2'.

! Double superscript.
<recently read> ^
                 
l.242 }
       
I treat `x^1^2' essentially like `x^1{}^2'.

Package mdframed Info: mdframed detected package amsthm 
 changed the theorem header of amsthm
(mdframed)              on input line 248.

Underfull \hbox (badness 10000) in paragraph at lines 248--248
[][]
 []

Missing character: There is no  in font lmmi10!
LaTeX Font Info:    Font shape `TU/XBYas(0)/m/n' will be
(Font)              scaled to size 7.0pt on input line 304.
[7]
Package mdframed Info: mdframed detected package amsthm 
 changed the theorem header of amsthm
(mdframed)              on input line 313.
 [8]
Package mdframed Info: mdframed detected package amsthm 
 changed the theorem header of amsthm
(mdframed)              on input line 365.


! LaTeX Error: Something's wrong--perhaps a missing \item.

See the LaTeX manual or LaTeX Companion for explanation.
Type  H <return>  for immediate help.
 ...                                              
                                                  
l.439 }
       
Try typing  <return>  to proceed.
If that doesn't work, type  X <return>  to quit.

Package hyperref Info: bookmark level for unknown Problem defaults to 0 on inpu
t line 439.
[9] [10] (main.aux)
 ***********
LaTeX2e <2023-06-01> patch level 1
L3 programming layer <2023-06-30>
 ***********


LaTeX Warning: Label(s) may have changed. Rerun to get cross-references right.

Package rerunfilecheck Info: File `main.out' has not changed.
(rerunfilecheck)             Checksum: C716A67D50912B02B740658AE4D5B13D;772.
 ) 
Here is how much of TeX's memory you used:
 55963 strings out of 410678
 1341441 string characters out of 5792911
 2058808 words of memory out of 5000000
 76035 multiletter control sequences out of 15000+600000
 592786 words of font info for 109 fonts, out of 8000000 for 9000
 1348 hyphenation exceptions out of 8191
 137i,15n,145p,2403b,1128s stack positions out of 10000i,1000n,20000p,200000b,200000s

Output written on main.pdf (10 pages).
